0 verbose cli /data/data/com.termux/files/usr/bin/node /data/data/com.termux/files/usr/bin/npm
1 info using npm@11.5.1
2 info using node@v24.7.0
3 silly config load:file:/data/data/com.termux/files/usr/lib/node_modules/npm/npmrc
4 silly config load:file:/storage/emulated/0/Download/chat-app/.npmrc
5 silly config load:file:/data/data/com.termux/files/home/.npmrc
6 silly config load:file:/data/data/com.termux/files/usr/etc/npmrc
7 verbose title npm init
8 verbose argv "init" "--yes"
9 verbose logfile logs-max:10 dir:/data/data/com.termux/files/home/.npm/_logs/2025-09-22T19_22_53_272Z-
10 verbose logfile /data/data/com.termux/files/home/.npm/_logs/2025-09-22T19_22_53_272Z-debug-0.log
11 silly logfile done cleaning log files
12 silly package data {
12 silly package data   name: 'chat-app',
12 silly package data   version: '1.0.0',
12 silly package data   description: '',
12 silly package data   main: 'server.js',
12 silly package data   scripts: {
12 silly package data     test: 'echo "Error: no test specified" && exit 1',
12 silly package data     start: 'node server.js'
12 silly package data   },
12 silly package data   keywords: [],
12 silly package data   author: '',
12 silly package data   license: 'ISC',
12 silly package data   type: 'commonjs'
12 silly package data }
13 verbose cwd /storage/emulated/0/Download/chat-app
14 verbose os Linux 5.10.226-android12-9-31117096
15 verbose node v24.7.0
16 verbose npm  v11.5.1
17 verbose exit 0
18 info ok
