0 verbose cli /data/data/com.termux/files/usr/bin/node /data/data/com.termux/files/usr/bin/npm
1 info using npm@11.5.1
2 info using node@v24.7.0
3 silly config load:file:/data/data/com.termux/files/usr/lib/node_modules/npm/npmrc
4 silly config load:file:/storage/emulated/0/download/chat-app/.npmrc
5 silly config load:file:/data/data/com.termux/files/home/.npmrc
6 silly config load:file:/data/data/com.termux/files/usr/etc/npmrc
7 verbose title npm install express socket.io
8 verbose argv "install" "express" "socket.io"
9 verbose logfile logs-max:10 dir:/data/data/com.termux/files/home/.npm/_logs/2025-09-22T19_23_24_434Z-
10 verbose logfile /data/data/com.termux/files/home/.npm/_logs/2025-09-22T19_23_24_434Z-debug-0.log
11 silly logfile done cleaning log files
12 silly packumentCache heap:1174405120 maxSize:293601280 maxEntrySize:146800640
13 silly idealTree buildDeps
14 silly fetch manifest express@*
15 silly packumentCache full:https://registry.npmjs.org/express cache-miss
16 http fetch GET 200 https://registry.npmjs.org/express 2164ms (cache miss)
17 silly packumentCache full:https://registry.npmjs.org/express set size:undefined disposed:false
18 silly fetch manifest socket.io@*
19 silly packumentCache full:https://registry.npmjs.org/socket.io cache-miss
20 http fetch GET 200 https://registry.npmjs.org/socket.io 281ms (cache miss)
21 silly packumentCache full:https://registry.npmjs.org/socket.io set size:undefined disposed:false
22 silly placeDep ROOT express@5.1.0 OK for: chat-app@1.0.0 want: *
23 silly placeDep ROOT socket.io@4.8.1 OK for: chat-app@1.0.0 want: *
24 silly fetch manifest qs@^6.14.0
25 silly packumentCache full:https://registry.npmjs.org/qs cache-miss
26 silly fetch manifest etag@^1.8.1
27 silly packumentCache full:https://registry.npmjs.org/etag cache-miss
28 silly fetch manifest once@^1.4.0
29 silly packumentCache full:https://registry.npmjs.org/once cache-miss
30 silly fetch manifest send@^1.1.0
31 silly packumentCache full:https://registry.npmjs.org/send cache-miss
32 silly fetch manifest vary@^1.1.2
33 silly packumentCache full:https://registry.npmjs.org/vary cache-miss
34 silly fetch manifest debug@^4.4.0
35 silly packumentCache full:https://registry.npmjs.org/debug cache-miss
36 silly fetch manifest fresh@^2.0.0
37 silly packumentCache full:https://registry.npmjs.org/fresh cache-miss
38 http fetch GET 200 https://registry.npmjs.org/qs 247ms (cache miss)
39 silly packumentCache full:https://registry.npmjs.org/qs set size:undefined disposed:false
40 silly fetch manifest cookie@^0.7.1
41 silly packumentCache full:https://registry.npmjs.org/cookie cache-miss
42 http fetch GET 200 https://registry.npmjs.org/debug 494ms (cache miss)
43 silly packumentCache full:https://registry.npmjs.org/debug set size:undefined disposed:false
44 silly fetch manifest router@^2.2.0
45 silly packumentCache full:https://registry.npmjs.org/router cache-miss
46 http fetch GET 200 https://registry.npmjs.org/cookie 257ms (cache miss)
47 silly packumentCache full:https://registry.npmjs.org/cookie set size:undefined disposed:false
48 silly fetch manifest accepts@^2.0.0
49 silly packumentCache full:https://registry.npmjs.org/accepts cache-miss
50 http fetch GET 200 https://registry.npmjs.org/fresh 909ms (cache miss)
51 silly packumentCache full:https://registry.npmjs.org/fresh set size:undefined disposed:false
52 silly fetch manifest type-is@^2.0.1
53 silly packumentCache full:https://registry.npmjs.org/type-is cache-miss
54 http fetch GET 200 https://registry.npmjs.org/etag 924ms (cache miss)
55 silly packumentCache full:https://registry.npmjs.org/etag set size:undefined disposed:false
56 silly fetch manifest parseurl@^1.3.3
57 silly packumentCache full:https://registry.npmjs.org/parseurl cache-miss
58 http fetch GET 200 https://registry.npmjs.org/vary 925ms (cache miss)
59 silly packumentCache full:https://registry.npmjs.org/vary set size:undefined disposed:false
60 silly fetch manifest statuses@^2.0.1
61 silly packumentCache full:https://registry.npmjs.org/statuses cache-miss
62 http fetch GET 200 https://registry.npmjs.org/once 944ms (cache miss)
63 silly packumentCache full:https://registry.npmjs.org/once set size:undefined disposed:false
64 silly fetch manifest encodeurl@^2.0.0
65 silly packumentCache full:https://registry.npmjs.org/encodeurl cache-miss
66 http fetch GET 200 https://registry.npmjs.org/accepts 424ms (cache miss)
67 silly packumentCache full:https://registry.npmjs.org/accepts set size:undefined disposed:false
68 silly fetch manifest mime-types@^3.0.0
69 silly packumentCache full:https://registry.npmjs.org/mime-types cache-miss
70 http fetch GET 200 https://registry.npmjs.org/send 976ms (cache miss)
71 silly packumentCache full:https://registry.npmjs.org/send set size:undefined disposed:false
72 silly fetch manifest proxy-addr@^2.0.7
73 silly packumentCache full:https://registry.npmjs.org/proxy-addr cache-miss
74 http fetch GET 200 https://registry.npmjs.org/router 592ms (cache miss)
75 silly packumentCache full:https://registry.npmjs.org/router set size:undefined disposed:false
76 silly fetch manifest body-parser@^2.2.0
77 silly packumentCache full:https://registry.npmjs.org/body-parser cache-miss
78 http fetch GET 200 https://registry.npmjs.org/encodeurl 286ms (cache miss)
79 silly packumentCache full:https://registry.npmjs.org/encodeurl set size:undefined disposed:false
80 silly fetch manifest escape-html@^1.0.3
81 silly packumentCache full:https://registry.npmjs.org/escape-html cache-miss
82 http fetch GET 200 https://registry.npmjs.org/statuses 313ms (cache miss)
83 silly packumentCache full:https://registry.npmjs.org/statuses set size:undefined disposed:false
84 silly fetch manifest http-errors@^2.0.0
85 silly packumentCache full:https://registry.npmjs.org/http-errors cache-miss
86 http fetch GET 200 https://registry.npmjs.org/type-is 328ms (cache miss)
87 silly packumentCache full:https://registry.npmjs.org/type-is set size:undefined disposed:false
88 silly fetch manifest on-finished@^2.4.1
89 silly packumentCache full:https://registry.npmjs.org/on-finished cache-miss
90 http fetch GET 200 https://registry.npmjs.org/parseurl 330ms (cache miss)
91 silly packumentCache full:https://registry.npmjs.org/parseurl set size:undefined disposed:false
92 silly fetch manifest content-type@^1.0.5
93 silly packumentCache full:https://registry.npmjs.org/content-type cache-miss
94 http fetch GET 200 https://registry.npmjs.org/proxy-addr 296ms (cache miss)
95 silly packumentCache full:https://registry.npmjs.org/proxy-addr set size:undefined disposed:false
96 silly fetch manifest finalhandler@^2.1.0
97 silly packumentCache full:https://registry.npmjs.org/finalhandler cache-miss
98 http fetch GET 200 https://registry.npmjs.org/mime-types 342ms (cache miss)
99 silly packumentCache full:https://registry.npmjs.org/mime-types set size:undefined disposed:false
100 silly fetch manifest range-parser@^1.2.1
101 silly packumentCache full:https://registry.npmjs.org/range-parser cache-miss
102 http fetch GET 200 https://registry.npmjs.org/body-parser 197ms (cache miss)
103 silly packumentCache full:https://registry.npmjs.org/body-parser set size:undefined disposed:false
104 silly fetch manifest serve-static@^2.2.0
105 silly packumentCache full:https://registry.npmjs.org/serve-static cache-miss
106 http fetch GET 200 https://registry.npmjs.org/escape-html 220ms (cache miss)
107 silly packumentCache full:https://registry.npmjs.org/escape-html set size:undefined disposed:false
108 silly fetch manifest cookie-signature@^1.2.1
109 silly packumentCache full:https://registry.npmjs.org/cookie-signature cache-miss
110 http fetch GET 200 https://registry.npmjs.org/serve-static 196ms (cache miss)
111 silly packumentCache full:https://registry.npmjs.org/serve-static set size:undefined disposed:false
112 silly fetch manifest merge-descriptors@^2.0.0
113 silly packumentCache full:https://registry.npmjs.org/merge-descriptors cache-miss
114 http fetch GET 200 https://registry.npmjs.org/on-finished 281ms (cache miss)
115 silly packumentCache full:https://registry.npmjs.org/on-finished set size:undefined disposed:false
116 silly fetch manifest content-disposition@^1.0.0
117 silly packumentCache full:https://registry.npmjs.org/content-disposition cache-miss
118 http fetch GET 200 https://registry.npmjs.org/http-errors 302ms (cache miss)
119 silly packumentCache full:https://registry.npmjs.org/http-errors set size:undefined disposed:false
120 silly fetch manifest cors@~2.8.5
121 silly packumentCache full:https://registry.npmjs.org/cors cache-miss
122 http fetch GET 200 https://registry.npmjs.org/content-type 300ms (cache miss)
123 silly packumentCache full:https://registry.npmjs.org/content-type set size:undefined disposed:false
124 silly fetch manifest debug@~4.3.2
125 silly packumentCache full:https://registry.npmjs.org/debug cache-miss
126 http fetch GET 200 https://registry.npmjs.org/range-parser 261ms (cache miss)
127 silly packumentCache full:https://registry.npmjs.org/range-parser set size:undefined disposed:false
128 silly fetch manifest accepts@~1.3.4
129 silly packumentCache full:https://registry.npmjs.org/accepts cache-miss
130 http fetch GET 200 https://registry.npmjs.org/finalhandler 301ms (cache miss)
131 silly packumentCache full:https://registry.npmjs.org/finalhandler set size:undefined disposed:false
132 silly fetch manifest base64id@~2.0.0
133 silly packumentCache full:https://registry.npmjs.org/base64id cache-miss
134 http cache https://registry.npmjs.org/debug 62ms (cache hit)
135 silly packumentCache full:https://registry.npmjs.org/debug set size:195840 disposed:false
136 silly fetch manifest engine.io@~6.6.0
137 silly packumentCache full:https://registry.npmjs.org/engine.io cache-miss
138 http cache https://registry.npmjs.org/accepts 70ms (cache hit)
139 silly packumentCache full:https://registry.npmjs.org/accepts set size:77054 disposed:false
140 silly fetch manifest socket.io-parser@~4.2.4
141 silly packumentCache full:https://registry.npmjs.org/socket.io-parser cache-miss
142 http fetch GET 200 https://registry.npmjs.org/merge-descriptors 151ms (cache miss)
143 silly packumentCache full:https://registry.npmjs.org/merge-descriptors set size:undefined disposed:false
144 silly fetch manifest socket.io-adapter@~2.5.2
145 silly packumentCache full:https://registry.npmjs.org/socket.io-adapter cache-miss
146 http fetch GET 200 https://registry.npmjs.org/cookie-signature 227ms (cache miss)
147 silly packumentCache full:https://registry.npmjs.org/cookie-signature set size:undefined disposed:false
148 http fetch GET 200 https://registry.npmjs.org/content-disposition 243ms (cache miss)
149 silly packumentCache full:https://registry.npmjs.org/content-disposition set size:undefined disposed:false
150 http fetch GET 200 https://registry.npmjs.org/cors 250ms (cache miss)
151 silly packumentCache full:https://registry.npmjs.org/cors set size:undefined disposed:false
152 http fetch GET 200 https://registry.npmjs.org/base64id 232ms (cache miss)
153 silly packumentCache full:https://registry.npmjs.org/base64id set size:undefined disposed:false
154 http fetch GET 200 https://registry.npmjs.org/socket.io-parser 280ms (cache miss)
155 silly packumentCache full:https://registry.npmjs.org/socket.io-parser set size:undefined disposed:false
156 http fetch GET 200 https://registry.npmjs.org/engine.io 304ms (cache miss)
157 silly packumentCache full:https://registry.npmjs.org/engine.io set size:undefined disposed:false
158 http fetch GET 200 https://registry.npmjs.org/socket.io-adapter 461ms (cache miss)
159 silly packumentCache full:https://registry.npmjs.org/socket.io-adapter set size:undefined disposed:false
160 silly placeDep ROOT accepts@2.0.0 OK for: express@5.1.0 want: ^2.0.0
161 silly placeDep ROOT body-parser@2.2.0 OK for: express@5.1.0 want: ^2.2.0
162 silly placeDep ROOT content-disposition@1.0.0 OK for: express@5.1.0 want: ^1.0.0
163 silly placeDep ROOT content-type@1.0.5 OK for: express@5.1.0 want: ^1.0.5
164 silly placeDep ROOT cookie@0.7.2 OK for: express@5.1.0 want: ^0.7.1
165 silly placeDep ROOT cookie-signature@1.2.2 OK for: express@5.1.0 want: ^1.2.1
166 silly placeDep ROOT debug@4.4.3 OK for: express@5.1.0 want: ^4.4.0
167 silly placeDep ROOT encodeurl@2.0.0 OK for: express@5.1.0 want: ^2.0.0
168 silly placeDep ROOT escape-html@1.0.3 OK for: express@5.1.0 want: ^1.0.3
169 silly placeDep ROOT etag@1.8.1 OK for: express@5.1.0 want: ^1.8.1
170 silly placeDep ROOT finalhandler@2.1.0 OK for: express@5.1.0 want: ^2.1.0
171 silly placeDep ROOT fresh@2.0.0 OK for: express@5.1.0 want: ^2.0.0
172 silly placeDep ROOT http-errors@2.0.0 OK for: express@5.1.0 want: ^2.0.0
173 silly placeDep ROOT merge-descriptors@2.0.0 OK for: express@5.1.0 want: ^2.0.0
174 silly placeDep ROOT mime-types@3.0.1 OK for: express@5.1.0 want: ^3.0.0
175 silly placeDep ROOT on-finished@2.4.1 OK for: express@5.1.0 want: ^2.4.1
176 silly placeDep ROOT once@1.4.0 OK for: express@5.1.0 want: ^1.4.0
177 silly placeDep ROOT parseurl@1.3.3 OK for: express@5.1.0 want: ^1.3.3
178 silly placeDep ROOT proxy-addr@2.0.7 OK for: express@5.1.0 want: ^2.0.7
179 silly placeDep ROOT qs@6.14.0 OK for: express@5.1.0 want: ^6.14.0
180 silly placeDep ROOT range-parser@1.2.1 OK for: express@5.1.0 want: ^1.2.1
181 silly placeDep ROOT router@2.2.0 OK for: express@5.1.0 want: ^2.2.0
182 silly placeDep ROOT send@1.2.0 OK for: express@5.1.0 want: ^1.1.0
183 silly placeDep ROOT serve-static@2.2.0 OK for: express@5.1.0 want: ^2.2.0
184 silly placeDep ROOT statuses@2.0.2 OK for: express@5.1.0 want: ^2.0.1
185 silly placeDep ROOT type-is@2.0.1 OK for: express@5.1.0 want: ^2.0.1
186 silly placeDep ROOT vary@1.1.2 OK for: express@5.1.0 want: ^1.1.2
187 silly fetch manifest negotiator@^1.0.0
188 silly packumentCache full:https://registry.npmjs.org/negotiator cache-miss
189 silly fetch manifest bytes@^3.1.2
190 silly packumentCache full:https://registry.npmjs.org/bytes cache-miss
191 silly fetch manifest iconv-lite@^0.6.3
192 silly packumentCache full:https://registry.npmjs.org/iconv-lite cache-miss
193 silly fetch manifest raw-body@^3.0.0
194 silly packumentCache full:https://registry.npmjs.org/raw-body cache-miss
195 silly fetch manifest type-is@^2.0.0
196 silly packumentCache full:https://registry.npmjs.org/type-is cache-miss
197 silly fetch manifest safe-buffer@5.2.1
198 silly packumentCache full:https://registry.npmjs.org/safe-buffer cache-miss
199 silly fetch manifest ms@^2.1.3
200 silly packumentCache full:https://registry.npmjs.org/ms cache-miss
201 http cache https://registry.npmjs.org/type-is 34ms (cache hit)
202 silly packumentCache full:https://registry.npmjs.org/type-is set size:86196 disposed:false
203 silly fetch manifest depd@2.0.0
204 silly packumentCache full:https://registry.npmjs.org/depd cache-miss
205 http fetch GET 200 https://registry.npmjs.org/depd 107ms (cache miss)
206 silly packumentCache full:https://registry.npmjs.org/depd set size:undefined disposed:false
207 silly fetch manifest inherits@2.0.4
208 silly packumentCache full:https://registry.npmjs.org/inherits cache-miss
209 http fetch GET 200 https://registry.npmjs.org/negotiator 266ms (cache miss)
210 silly packumentCache full:https://registry.npmjs.org/negotiator set size:undefined disposed:false
211 silly fetch manifest statuses@2.0.1
212 silly packumentCache full:https://registry.npmjs.org/statuses cache-miss
213 http fetch GET 200 https://registry.npmjs.org/iconv-lite 282ms (cache miss)
214 silly packumentCache full:https://registry.npmjs.org/iconv-lite set size:undefined disposed:false
215 silly fetch manifest toidentifier@1.0.1
216 silly packumentCache full:https://registry.npmjs.org/toidentifier cache-miss
217 http fetch GET 200 https://registry.npmjs.org/safe-buffer 290ms (cache miss)
218 silly packumentCache full:https://registry.npmjs.org/safe-buffer set size:undefined disposed:false
219 silly fetch manifest setprototypeof@1.2.0
220 silly packumentCache full:https://registry.npmjs.org/setprototypeof cache-miss
221 http fetch GET 200 https://registry.npmjs.org/bytes 311ms (cache miss)
222 silly packumentCache full:https://registry.npmjs.org/bytes set size:undefined disposed:false
223 silly fetch manifest mime-db@^1.54.0
224 silly packumentCache full:https://registry.npmjs.org/mime-db cache-miss
225 http fetch GET 200 https://registry.npmjs.org/ms 309ms (cache miss)
226 silly packumentCache full:https://registry.npmjs.org/ms set size:undefined disposed:false
227 silly fetch manifest ee-first@1.1.1
228 silly packumentCache full:https://registry.npmjs.org/ee-first cache-miss
229 http cache https://registry.npmjs.org/statuses 71ms (cache hit)
230 silly packumentCache full:https://registry.npmjs.org/statuses set size:37117 disposed:false
231 silly fetch manifest wrappy@1
232 silly packumentCache full:https://registry.npmjs.org/wrappy cache-miss
233 http fetch GET 200 https://registry.npmjs.org/raw-body 342ms (cache miss)
234 silly packumentCache full:https://registry.npmjs.org/raw-body set size:undefined disposed:false
235 silly fetch manifest forwarded@0.2.0
236 silly packumentCache full:https://registry.npmjs.org/forwarded cache-miss
237 http fetch GET 200 https://registry.npmjs.org/inherits 197ms (cache miss)
238 silly packumentCache full:https://registry.npmjs.org/inherits set size:undefined disposed:false
239 silly fetch manifest ipaddr.js@1.9.1
240 silly packumentCache full:https://registry.npmjs.org/ipaddr.js cache-miss
241 http fetch GET 200 https://registry.npmjs.org/ipaddr.js 177ms (cache miss)
242 silly packumentCache full:https://registry.npmjs.org/ipaddr.js set size:undefined disposed:false
243 silly fetch manifest side-channel@^1.1.0
244 silly packumentCache full:https://registry.npmjs.org/side-channel cache-miss
245 http fetch GET 200 https://registry.npmjs.org/setprototypeof 249ms (cache miss)
246 silly packumentCache full:https://registry.npmjs.org/setprototypeof set size:undefined disposed:false
247 silly fetch manifest depd@^2.0.0
248 silly packumentCache full:https://registry.npmjs.org/depd cache-miss
249 http fetch GET 200 https://registry.npmjs.org/toidentifier 278ms (cache miss)
250 silly packumentCache full:https://registry.npmjs.org/toidentifier set size:undefined disposed:false
251 silly fetch manifest is-promise@^4.0.0
252 silly packumentCache full:https://registry.npmjs.org/is-promise cache-miss
253 http fetch GET 200 https://registry.npmjs.org/ee-first 246ms (cache miss)
254 silly packumentCache full:https://registry.npmjs.org/ee-first set size:undefined disposed:false
255 silly fetch manifest path-to-regexp@^8.0.0
256 silly packumentCache full:https://registry.npmjs.org/path-to-regexp cache-miss
257 http fetch GET 200 https://registry.npmjs.org/wrappy 245ms (cache miss)
258 silly packumentCache full:https://registry.npmjs.org/wrappy set size:undefined disposed:false
259 silly fetch manifest media-typer@^1.1.0
260 silly packumentCache full:https://registry.npmjs.org/media-typer cache-miss
261 http cache https://registry.npmjs.org/depd 51ms (cache hit)
262 silly packumentCache full:https://registry.npmjs.org/depd set size:40182 disposed:false
263 http fetch GET 200 https://registry.npmjs.org/mime-db 295ms (cache miss)
264 silly packumentCache full:https://registry.npmjs.org/mime-db set size:undefined disposed:false
265 http fetch GET 200 https://registry.npmjs.org/forwarded 268ms (cache miss)
266 silly packumentCache full:https://registry.npmjs.org/forwarded set size:undefined disposed:false
267 http fetch GET 200 https://registry.npmjs.org/side-channel 171ms (cache miss)
268 silly packumentCache full:https://registry.npmjs.org/side-channel set size:undefined disposed:false
269 http fetch GET 200 https://registry.npmjs.org/is-promise 252ms (cache miss)
270 silly packumentCache full:https://registry.npmjs.org/is-promise set size:undefined disposed:false
271 http fetch GET 200 https://registry.npmjs.org/path-to-regexp 263ms (cache miss)
272 silly packumentCache full:https://registry.npmjs.org/path-to-regexp set size:undefined disposed:false
273 http fetch GET 200 https://registry.npmjs.org/media-typer 264ms (cache miss)
274 silly packumentCache full:https://registry.npmjs.org/media-typer set size:undefined disposed:false
275 silly placeDep ROOT negotiator@1.0.0 OK for: accepts@2.0.0 want: ^1.0.0
276 silly placeDep ROOT bytes@3.1.2 OK for: body-parser@2.2.0 want: ^3.1.2
277 silly placeDep ROOT iconv-lite@0.6.3 OK for: body-parser@2.2.0 want: ^0.6.3
278 silly placeDep ROOT raw-body@3.0.1 OK for: body-parser@2.2.0 want: ^3.0.0
279 silly fetch manifest safer-buffer@>= 2.1.2 < 3.0.0
280 silly packumentCache full:https://registry.npmjs.org/safer-buffer cache-miss
281 silly fetch manifest iconv-lite@0.7.0
282 silly packumentCache full:https://registry.npmjs.org/iconv-lite cache-miss
283 silly fetch manifest unpipe@1.0.0
284 silly packumentCache full:https://registry.npmjs.org/unpipe cache-miss
285 http cache https://registry.npmjs.org/iconv-lite 23ms (cache hit)
286 silly packumentCache full:https://registry.npmjs.org/iconv-lite set size:118890 disposed:false
287 http fetch GET 200 https://registry.npmjs.org/safer-buffer 246ms (cache miss)
288 silly packumentCache full:https://registry.npmjs.org/safer-buffer set size:undefined disposed:false
289 http fetch GET 200 https://registry.npmjs.org/unpipe 249ms (cache miss)
290 silly packumentCache full:https://registry.npmjs.org/unpipe set size:undefined disposed:false
291 silly placeDep ROOT safe-buffer@5.2.1 OK for: content-disposition@1.0.0 want: 5.2.1
292 silly placeDep ROOT ms@2.1.3 OK for: debug@4.4.3 want: ^2.1.3
293 silly placeDep ROOT depd@2.0.0 OK for: http-errors@2.0.0 want: 2.0.0
294 silly placeDep ROOT inherits@2.0.4 OK for: http-errors@2.0.0 want: 2.0.4
295 silly placeDep ROOT setprototypeof@1.2.0 OK for: http-errors@2.0.0 want: 1.2.0
296 silly placeDep node_modules/http-errors statuses@2.0.1 OK for: http-errors@2.0.0 want: 2.0.1
297 silly placeDep ROOT toidentifier@1.0.1 OK for: http-errors@2.0.0 want: 1.0.1
298 silly placeDep ROOT safer-buffer@2.1.2 OK for: iconv-lite@0.6.3 want: >= 2.1.2 < 3.0.0
299 silly placeDep ROOT mime-db@1.54.0 OK for: mime-types@3.0.1 want: ^1.54.0
300 silly placeDep ROOT ee-first@1.1.1 OK for: on-finished@2.4.1 want: 1.1.1
301 silly placeDep ROOT wrappy@1.0.2 OK for: once@1.4.0 want: 1
302 silly placeDep ROOT forwarded@0.2.0 OK for: proxy-addr@2.0.7 want: 0.2.0
303 silly placeDep ROOT ipaddr.js@1.9.1 OK for: proxy-addr@2.0.7 want: 1.9.1
304 silly placeDep ROOT side-channel@1.1.0 OK for: qs@6.14.0 want: ^1.1.0
305 silly fetch manifest es-errors@^1.3.0
306 silly packumentCache full:https://registry.npmjs.org/es-errors cache-miss
307 silly fetch manifest object-inspect@^1.13.3
308 silly packumentCache full:https://registry.npmjs.org/object-inspect cache-miss
309 silly fetch manifest side-channel-list@^1.0.0
310 silly packumentCache full:https://registry.npmjs.org/side-channel-list cache-miss
311 silly fetch manifest side-channel-map@^1.0.1
312 silly packumentCache full:https://registry.npmjs.org/side-channel-map cache-miss
313 silly fetch manifest side-channel-weakmap@^1.0.2
314 silly packumentCache full:https://registry.npmjs.org/side-channel-weakmap cache-miss
315 http fetch GET 200 https://registry.npmjs.org/side-channel-list 275ms (cache miss)
316 silly packumentCache full:https://registry.npmjs.org/side-channel-list set size:undefined disposed:false
317 http fetch GET 200 https://registry.npmjs.org/side-channel-map 277ms (cache miss)
318 silly packumentCache full:https://registry.npmjs.org/side-channel-map set size:undefined disposed:false
319 http fetch GET 200 https://registry.npmjs.org/side-channel-weakmap 279ms (cache miss)
320 silly packumentCache full:https://registry.npmjs.org/side-channel-weakmap set size:undefined disposed:false
321 http fetch GET 200 https://registry.npmjs.org/es-errors 286ms (cache miss)
322 silly packumentCache full:https://registry.npmjs.org/es-errors set size:undefined disposed:false
323 http fetch GET 200 https://registry.npmjs.org/object-inspect 568ms (cache miss)
324 silly packumentCache full:https://registry.npmjs.org/object-inspect set size:undefined disposed:false
325 silly placeDep node_modules/raw-body iconv-lite@0.7.0 OK for: raw-body@3.0.1 want: 0.7.0
326 silly placeDep ROOT unpipe@1.0.0 OK for: raw-body@3.0.1 want: 1.0.0
327 silly placeDep ROOT is-promise@4.0.0 OK for: router@2.2.0 want: ^4.0.0
328 silly placeDep ROOT path-to-regexp@8.3.0 OK for: router@2.2.0 want: ^8.0.0
329 silly placeDep ROOT es-errors@1.3.0 OK for: side-channel@1.1.0 want: ^1.3.0
330 silly placeDep ROOT object-inspect@1.13.4 OK for: side-channel@1.1.0 want: ^1.13.3
331 silly placeDep ROOT side-channel-list@1.0.0 OK for: side-channel@1.1.0 want: ^1.0.0
332 silly placeDep ROOT side-channel-map@1.0.1 OK for: side-channel@1.1.0 want: ^1.0.1
333 silly placeDep ROOT side-channel-weakmap@1.0.2 OK for: side-channel@1.1.0 want: ^1.0.2
334 silly fetch manifest call-bound@^1.0.2
335 silly packumentCache full:https://registry.npmjs.org/call-bound cache-miss
336 silly fetch manifest get-intrinsic@^1.2.5
337 silly packumentCache full:https://registry.npmjs.org/get-intrinsic cache-miss
338 silly fetch manifest call-bound@^1.0.2
339 silly packumentCache full:https://registry.npmjs.org/call-bound cache-miss
340 silly fetch manifest get-intrinsic@^1.2.5
341 silly packumentCache full:https://registry.npmjs.org/get-intrinsic cache-miss
342 http fetch GET 200 https://registry.npmjs.org/call-bound 263ms (cache miss)
343 silly packumentCache full:https://registry.npmjs.org/call-bound set size:undefined disposed:false
344 http fetch GET 200 https://registry.npmjs.org/call-bound 273ms (cache miss)
345 silly packumentCache full:https://registry.npmjs.org/call-bound set size:undefined disposed:false
346 http fetch GET 200 https://registry.npmjs.org/get-intrinsic 276ms (cache miss)
347 silly packumentCache full:https://registry.npmjs.org/get-intrinsic set size:undefined disposed:false
348 http fetch GET 200 https://registry.npmjs.org/get-intrinsic 281ms (cache miss)
349 silly packumentCache full:https://registry.npmjs.org/get-intrinsic set size:undefined disposed:false
350 silly placeDep ROOT call-bound@1.0.4 OK for: side-channel-map@1.0.1 want: ^1.0.2
351 silly placeDep ROOT get-intrinsic@1.3.0 OK for: side-channel-map@1.0.1 want: ^1.2.5
352 silly fetch manifest call-bind-apply-helpers@^1.0.2
353 silly packumentCache full:https://registry.npmjs.org/call-bind-apply-helpers cache-miss
354 silly fetch manifest get-intrinsic@^1.3.0
355 silly packumentCache full:https://registry.npmjs.org/get-intrinsic cache-miss
356 silly fetch manifest call-bind-apply-helpers@^1.0.2
357 silly packumentCache full:https://registry.npmjs.org/call-bind-apply-helpers cache-miss
358 silly fetch manifest es-define-property@^1.0.1
359 silly packumentCache full:https://registry.npmjs.org/es-define-property cache-miss
360 silly fetch manifest es-object-atoms@^1.1.1
361 silly packumentCache full:https://registry.npmjs.org/es-object-atoms cache-miss
362 silly fetch manifest function-bind@^1.1.2
363 silly packumentCache full:https://registry.npmjs.org/function-bind cache-miss
364 silly fetch manifest get-proto@^1.0.1
365 silly packumentCache full:https://registry.npmjs.org/get-proto cache-miss
366 http cache https://registry.npmjs.org/get-intrinsic 33ms (cache hit)
367 silly packumentCache full:https://registry.npmjs.org/get-intrinsic set size:57687 disposed:false
368 silly fetch manifest gopd@^1.2.0
369 silly packumentCache full:https://registry.npmjs.org/gopd cache-miss
370 http fetch GET 200 https://registry.npmjs.org/es-define-property 131ms (cache miss)
371 silly packumentCache full:https://registry.npmjs.org/es-define-property set size:undefined disposed:false
372 silly fetch manifest has-symbols@^1.1.0
373 silly packumentCache full:https://registry.npmjs.org/has-symbols cache-miss
374 http fetch GET 200 https://registry.npmjs.org/call-bind-apply-helpers 231ms (cache miss)
375 silly packumentCache full:https://registry.npmjs.org/call-bind-apply-helpers set size:undefined disposed:false
376 silly fetch manifest hasown@^2.0.2
377 silly packumentCache full:https://registry.npmjs.org/hasown cache-miss
378 http fetch GET 200 https://registry.npmjs.org/es-object-atoms 234ms (cache miss)
379 silly packumentCache full:https://registry.npmjs.org/es-object-atoms set size:undefined disposed:false
380 silly fetch manifest math-intrinsics@^1.1.0
381 silly packumentCache full:https://registry.npmjs.org/math-intrinsics cache-miss
382 http fetch GET 200 https://registry.npmjs.org/call-bind-apply-helpers 246ms (cache miss)
383 silly packumentCache full:https://registry.npmjs.org/call-bind-apply-helpers set size:undefined disposed:false
384 http fetch GET 200 https://registry.npmjs.org/function-bind 271ms (cache miss)
385 silly packumentCache full:https://registry.npmjs.org/function-bind set size:undefined disposed:false
386 http fetch GET 200 https://registry.npmjs.org/gopd 241ms (cache miss)
387 silly packumentCache full:https://registry.npmjs.org/gopd set size:undefined disposed:false
388 http fetch GET 200 https://registry.npmjs.org/get-proto 275ms (cache miss)
389 silly packumentCache full:https://registry.npmjs.org/get-proto set size:undefined disposed:false
390 http fetch GET 200 https://registry.npmjs.org/has-symbols 145ms (cache miss)
391 silly packumentCache full:https://registry.npmjs.org/has-symbols set size:undefined disposed:false
392 http fetch GET 200 https://registry.npmjs.org/math-intrinsics 352ms (cache miss)
393 silly packumentCache full:https://registry.npmjs.org/math-intrinsics set size:undefined disposed:false
394 http fetch GET 200 https://registry.npmjs.org/hasown 360ms (cache miss)
395 silly packumentCache full:https://registry.npmjs.org/hasown set size:undefined disposed:false
396 silly placeDep ROOT call-bind-apply-helpers@1.0.2 OK for: call-bound@1.0.4 want: ^1.0.2
397 silly placeDep ROOT function-bind@1.1.2 OK for: call-bind-apply-helpers@1.0.2 want: ^1.1.2
398 silly placeDep ROOT es-define-property@1.0.1 OK for: get-intrinsic@1.3.0 want: ^1.0.1
399 silly placeDep ROOT es-object-atoms@1.1.1 OK for: get-intrinsic@1.3.0 want: ^1.1.1
400 silly placeDep ROOT get-proto@1.0.1 OK for: get-intrinsic@1.3.0 want: ^1.0.1
401 silly placeDep ROOT gopd@1.2.0 OK for: get-intrinsic@1.3.0 want: ^1.2.0
402 silly placeDep ROOT has-symbols@1.1.0 OK for: get-intrinsic@1.3.0 want: ^1.1.0
403 silly placeDep ROOT hasown@2.0.2 OK for: get-intrinsic@1.3.0 want: ^2.0.2
404 silly placeDep ROOT math-intrinsics@1.1.0 OK for: get-intrinsic@1.3.0 want: ^1.1.0
405 silly fetch manifest dunder-proto@^1.0.1
406 silly packumentCache full:https://registry.npmjs.org/dunder-proto cache-miss
407 http fetch GET 200 https://registry.npmjs.org/dunder-proto 273ms (cache miss)
408 silly packumentCache full:https://registry.npmjs.org/dunder-proto set size:undefined disposed:false
409 silly placeDep ROOT dunder-proto@1.0.1 OK for: get-proto@1.0.1 want: ^1.0.1
410 silly placeDep node_modules/socket.io accepts@1.3.8 OK for: socket.io@4.8.1 want: ~1.3.4
411 silly placeDep ROOT base64id@2.0.0 OK for: socket.io@4.8.1 want: ~2.0.0
412 silly placeDep ROOT cors@2.8.5 OK for: socket.io@4.8.1 want: ~2.8.5
413 silly placeDep node_modules/socket.io debug@4.3.7 OK for: socket.io@4.8.1 want: ~4.3.2
414 silly placeDep ROOT engine.io@6.6.4 OK for: socket.io@4.8.1 want: ~6.6.0
415 silly placeDep ROOT socket.io-adapter@2.5.5 OK for: socket.io@4.8.1 want: ~2.5.2
416 silly placeDep ROOT socket.io-parser@4.2.4 OK for: socket.io@4.8.1 want: ~4.2.4
417 silly fetch manifest mime-types@~2.1.34
418 silly packumentCache full:https://registry.npmjs.org/mime-types cache-miss
419 silly fetch manifest negotiator@0.6.3
420 silly packumentCache full:https://registry.npmjs.org/negotiator cache-miss
421 silly fetch manifest object-assign@^4
422 silly packumentCache full:https://registry.npmjs.org/object-assign cache-miss
423 silly fetch manifest @types/cors@^2.8.12
424 silly packumentCache full:https://registry.npmjs.org/@types%2fcors cache-miss
425 silly fetch manifest @types/node@>=10.0.0
426 silly packumentCache full:https://registry.npmjs.org/@types%2fnode cache-miss
427 silly fetch manifest debug@~4.3.1
428 silly packumentCache full:https://registry.npmjs.org/debug cache-hit
429 silly fetch manifest engine.io-parser@~5.2.1
430 silly packumentCache full:https://registry.npmjs.org/engine.io-parser cache-miss
431 silly fetch manifest ws@~8.17.1
432 silly packumentCache full:https://registry.npmjs.org/ws cache-miss
433 http cache https://registry.npmjs.org/mime-types 44ms (cache hit)
434 silly packumentCache full:https://registry.npmjs.org/mime-types set size:136716 disposed:false
435 silly fetch manifest debug@~4.3.4
436 silly packumentCache full:https://registry.npmjs.org/debug cache-hit
437 silly fetch manifest ws@~8.17.1
438 silly packumentCache full:https://registry.npmjs.org/ws cache-miss
439 http cache https://registry.npmjs.org/negotiator 54ms (cache hit)
440 silly packumentCache full:https://registry.npmjs.org/negotiator set size:48046 disposed:false
441 silly fetch manifest @socket.io/component-emitter@~3.1.0
442 silly packumentCache full:https://registry.npmjs.org/@socket.io%2fcomponent-emitter cache-miss
443 http fetch GET 200 https://registry.npmjs.org/object-assign 284ms (cache miss)
444 silly packumentCache full:https://registry.npmjs.org/object-assign set size:undefined disposed:false
445 http fetch GET 200 https://registry.npmjs.org/@types%2fcors 297ms (cache miss)
446 silly packumentCache full:https://registry.npmjs.org/@types%2fcors set size:undefined disposed:false
447 http fetch GET 200 https://registry.npmjs.org/ws 321ms (cache miss)
448 silly packumentCache full:https://registry.npmjs.org/ws set size:undefined disposed:false
449 http fetch GET 200 https://registry.npmjs.org/ws 310ms (cache miss)
450 silly packumentCache full:https://registry.npmjs.org/ws set size:undefined disposed:false
451 http fetch GET 200 https://registry.npmjs.org/engine.io-parser 723ms (cache miss)
452 silly packumentCache full:https://registry.npmjs.org/engine.io-parser set size:undefined disposed:false
453 http fetch GET 200 https://registry.npmjs.org/@types%2fnode 1220ms (cache miss)
454 silly packumentCache full:https://registry.npmjs.org/@types%2fnode set size:undefined disposed:false
455 http fetch GET 200 https://registry.npmjs.org/@socket.io%2fcomponent-emitter 1541ms (cache miss)
456 silly packumentCache full:https://registry.npmjs.org/@socket.io%2fcomponent-emitter set size:undefined disposed:false
457 silly placeDep ROOT object-assign@4.1.1 OK for: cors@2.8.5 want: ^4
458 silly fetch manifest bufferutil@^4.0.1
459 silly packumentCache full:https://registry.npmjs.org/bufferutil cache-miss
460 http fetch GET 200 https://registry.npmjs.org/bufferutil 267ms (cache miss)
461 silly packumentCache full:https://registry.npmjs.org/bufferutil set size:undefined disposed:false
462 silly fetch manifest utf-8-validate@>=5.0.2
463 silly packumentCache full:https://registry.npmjs.org/utf-8-validate cache-miss
464 http fetch GET 200 https://registry.npmjs.org/utf-8-validate 315ms (cache miss)
465 silly packumentCache full:https://registry.npmjs.org/utf-8-validate set size:undefined disposed:false
466 silly placeDep ROOT @types/cors@2.8.19 OK for: engine.io@6.6.4 want: ^2.8.12
467 silly placeDep ROOT @types/node@24.5.2 OK for: engine.io@6.6.4 want: >=10.0.0
468 silly placeDep node_modules/engine.io accepts@1.3.8 OK for: engine.io@6.6.4 want: ~1.3.4
469 silly placeDep node_modules/engine.io debug@4.3.7 OK for: engine.io@6.6.4 want: ~4.3.1
470 silly placeDep ROOT engine.io-parser@5.2.3 OK for: engine.io@6.6.4 want: ~5.2.1
471 silly placeDep ROOT ws@8.17.1 OK for: engine.io@6.6.4 want: ~8.17.1
472 silly fetch manifest @types/node@*
473 silly packumentCache full:https://registry.npmjs.org/@types%2fnode cache-miss
474 silly fetch manifest undici-types@~7.12.0
475 silly packumentCache full:https://registry.npmjs.org/undici-types cache-miss
476 http cache https://registry.npmjs.org/@types%2fnode 81ms (cache hit)
477 silly packumentCache full:https://registry.npmjs.org/@types%2fnode set size:10576254 disposed:false
478 http fetch GET 200 https://registry.npmjs.org/undici-types 420ms (cache miss)
479 silly packumentCache full:https://registry.npmjs.org/undici-types set size:undefined disposed:false
480 silly placeDep ROOT undici-types@7.12.0 OK for: @types/node@24.5.2 want: ~7.12.0
481 silly placeDep node_modules/socket.io-adapter debug@4.3.7 OK for: socket.io-adapter@2.5.5 want: ~4.3.4
482 silly placeDep ROOT @socket.io/component-emitter@3.1.2 OK for: socket.io-parser@4.2.4 want: ~3.1.0
483 silly placeDep node_modules/socket.io-parser debug@4.3.7 OK for: socket.io-parser@4.2.4 want: ~4.3.1
484 silly placeDep ROOT media-typer@1.1.0 OK for: type-is@2.0.1 want: ^1.1.0
485 silly placeDep node_modules/engine.io mime-types@2.1.35 OK for: accepts@1.3.8 want: ~2.1.34
486 silly placeDep node_modules/engine.io negotiator@0.6.3 OK for: accepts@1.3.8 want: 0.6.3
487 silly fetch manifest mime-db@1.52.0
488 silly packumentCache full:https://registry.npmjs.org/mime-db cache-miss
489 http cache https://registry.npmjs.org/mime-db 24ms (cache hit)
490 silly packumentCache full:https://registry.npmjs.org/mime-db set size:164953 disposed:false
491 silly placeDep node_modules/engine.io mime-db@1.52.0 OK for: mime-types@2.1.35 want: 1.52.0
492 silly placeDep node_modules/socket.io mime-types@2.1.35 OK for: accepts@1.3.8 want: ~2.1.34
493 silly placeDep node_modules/socket.io negotiator@0.6.3 OK for: accepts@1.3.8 want: 0.6.3
494 silly placeDep node_modules/socket.io mime-db@1.52.0 OK for: mime-types@2.1.35 want: 1.52.0
495 silly reify moves {}
496 silly audit bulk request {
496 silly audit   express: [ '5.1.0' ],
496 silly audit   'socket.io': [ '4.8.1' ],
496 silly audit   accepts: [ '2.0.0', '1.3.8' ],
496 silly audit   'body-parser': [ '2.2.0' ],
496 silly audit   'content-disposition': [ '1.0.0' ],
496 silly audit   'content-type': [ '1.0.5' ],
496 silly audit   cookie: [ '0.7.2' ],
496 silly audit   'cookie-signature': [ '1.2.2' ],
496 silly audit   debug: [ '4.4.3', '4.3.7' ],
496 silly audit   encodeurl: [ '2.0.0' ],
496 silly audit   'escape-html': [ '1.0.3' ],
496 silly audit   etag: [ '1.8.1' ],
496 silly audit   finalhandler: [ '2.1.0' ],
496 silly audit   fresh: [ '2.0.0' ],
496 silly audit   'http-errors': [ '2.0.0' ],
496 silly audit   'merge-descriptors': [ '2.0.0' ],
496 silly audit   'mime-types': [ '3.0.1', '2.1.35' ],
496 silly audit   'on-finished': [ '2.4.1' ],
496 silly audit   once: [ '1.4.0' ],
496 silly audit   parseurl: [ '1.3.3' ],
496 silly audit   'proxy-addr': [ '2.0.7' ],
496 silly audit   qs: [ '6.14.0' ],
496 silly audit   'range-parser': [ '1.2.1' ],
496 silly audit   router: [ '2.2.0' ],
496 silly audit   send: [ '1.2.0' ],
496 silly audit   'serve-static': [ '2.2.0' ],
496 silly audit   statuses: [ '2.0.2', '2.0.1' ],
496 silly audit   'type-is': [ '2.0.1' ],
496 silly audit   vary: [ '1.1.2' ],
496 silly audit   negotiator: [ '1.0.0', '0.6.3' ],
496 silly audit   bytes: [ '3.1.2' ],
496 silly audit   'iconv-lite': [ '0.6.3', '0.7.0' ],
496 silly audit   'raw-body': [ '3.0.1' ],
496 silly audit   'safe-buffer': [ '5.2.1' ],
496 silly audit   ms: [ '2.1.3' ],
496 silly audit   depd: [ '2.0.0' ],
496 silly audit   inherits: [ '2.0.4' ],
496 silly audit   setprototypeof: [ '1.2.0' ],
496 silly audit   toidentifier: [ '1.0.1' ],
496 silly audit   'safer-buffer': [ '2.1.2' ],
496 silly audit   'mime-db': [ '1.54.0', '1.52.0' ],
496 silly audit   'ee-first': [ '1.1.1' ],
496 silly audit   wrappy: [ '1.0.2' ],
496 silly audit   forwarded: [ '0.2.0' ],
496 silly audit   'ipaddr.js': [ '1.9.1' ],
496 silly audit   'side-channel': [ '1.1.0' ],
496 silly audit   unpipe: [ '1.0.0' ],
496 silly audit   'is-promise': [ '4.0.0' ],
496 silly audit   'path-to-regexp': [ '8.3.0' ],
496 silly audit   'es-errors': [ '1.3.0' ],
496 silly audit   'object-inspect': [ '1.13.4' ],
496 silly audit   'side-channel-list': [ '1.0.0' ],
496 silly audit   'side-channel-map': [ '1.0.1' ],
496 silly audit   'side-channel-weakmap': [ '1.0.2' ],
496 silly audit   'call-bound': [ '1.0.4' ],
496 silly audit   'get-intrinsic': [ '1.3.0' ],
496 silly audit   'call-bind-apply-helpers': [ '1.0.2' ],
496 silly audit   'function-bind': [ '1.1.2' ],
496 silly audit   'es-define-property': [ '1.0.1' ],
496 silly audit   'es-object-atoms': [ '1.1.1' ],
496 silly audit   'get-proto': [ '1.0.1' ],
496 silly audit   gopd: [ '1.2.0' ],
496 silly audit   'has-symbols': [ '1.1.0' ],
496 silly audit   hasown: [ '2.0.2' ],
496 silly audit   'math-intrinsics': [ '1.1.0' ],
496 silly audit   'dunder-proto': [ '1.0.1' ],
496 silly audit   base64id: [ '2.0.0' ],
496 silly audit   cors: [ '2.8.5' ],
496 silly audit   'engine.io': [ '6.6.4' ],
496 silly audit   'socket.io-adapter': [ '2.5.5' ],
496 silly audit   'socket.io-parser': [ '4.2.4' ],
496 silly audit   'object-assign': [ '4.1.1' ],
496 silly audit   '@types/cors': [ '2.8.19' ],
496 silly audit   '@types/node': [ '24.5.2' ],
496 silly audit   'engine.io-parser': [ '5.2.3' ],
496 silly audit   ws: [ '8.17.1' ],
496 silly audit   'undici-types': [ '7.12.0' ],
496 silly audit   '@socket.io/component-emitter': [ '3.1.2' ],
496 silly audit   'media-typer': [ '1.1.0' ]
496 silly audit }
497 http cache @socket.io/component-emitter@https://registry.npmjs.org/@socket.io/component-emitter/-/component-emitter-3.1.2.tgz 1ms (cache hit)
498 http cache media-typer@https://registry.npmjs.org/media-typer/-/media-typer-1.1.0.tgz 0ms (cache hit)
499 http cache ws@https://registry.npmjs.org/ws/-/ws-8.17.1.tgz 0ms (cache hit)
500 http cache undici-types@https://registry.npmjs.org/undici-types/-/undici-types-7.12.0.tgz 0ms (cache hit)
501 http cache @types/node@https://registry.npmjs.org/@types/node/-/node-24.5.2.tgz 0ms (cache hit)
502 http cache engine.io-parser@https://registry.npmjs.org/engine.io-parser/-/engine.io-parser-5.2.3.tgz 0ms (cache hit)
503 http cache object-assign@https://registry.npmjs.org/object-assign/-/object-assign-4.1.1.tgz 0ms (cache hit)
504 http cache @types/cors@https://registry.npmjs.org/@types/cors/-/cors-2.8.19.tgz 0ms (cache hit)
505 http cache engine.io@https://registry.npmjs.org/engine.io/-/engine.io-6.6.4.tgz 0ms (cache hit)
506 http cache socket.io-parser@https://registry.npmjs.org/socket.io-parser/-/socket.io-parser-4.2.4.tgz 0ms (cache hit)
507 http cache cors@https://registry.npmjs.org/cors/-/cors-2.8.5.tgz 0ms (cache hit)
508 http cache socket.io-adapter@https://registry.npmjs.org/socket.io-adapter/-/socket.io-adapter-2.5.5.tgz 0ms (cache hit)
509 http cache base64id@https://registry.npmjs.org/base64id/-/base64id-2.0.0.tgz 0ms (cache hit)
510 http cache dunder-proto@https://registry.npmjs.org/dunder-proto/-/dunder-proto-1.0.1.tgz 0ms (cache hit)
511 http cache has-symbols@https://registry.npmjs.org/has-symbols/-/has-symbols-1.1.0.tgz 0ms (cache hit)
512 http cache gopd@https://registry.npmjs.org/gopd/-/gopd-1.2.0.tgz 0ms (cache hit)
513 http cache hasown@https://registry.npmjs.org/hasown/-/hasown-2.0.2.tgz 0ms (cache hit)
514 http cache function-bind@https://registry.npmjs.org/function-bind/-/function-bind-1.1.2.tgz 0ms (cache hit)
515 http cache math-intrinsics@https://registry.npmjs.org/math-intrinsics/-/math-intrinsics-1.1.0.tgz 1ms (cache hit)
516 http cache es-object-atoms@https://registry.npmjs.org/es-object-atoms/-/es-object-atoms-1.1.1.tgz 0ms (cache hit)
517 http cache es-define-property@https://registry.npmjs.org/es-define-property/-/es-define-property-1.0.1.tgz 0ms (cache hit)
518 http cache get-proto@https://registry.npmjs.org/get-proto/-/get-proto-1.0.1.tgz 1ms (cache hit)
519 http cache call-bind-apply-helpers@https://registry.npmjs.org/call-bind-apply-helpers/-/call-bind-apply-helpers-1.0.2.tgz 0ms (cache hit)
520 http cache es-errors@https://registry.npmjs.org/es-errors/-/es-errors-1.3.0.tgz 0ms (cache hit)
521 http cache call-bound@https://registry.npmjs.org/call-bound/-/call-bound-1.0.4.tgz 0ms (cache hit)
522 http cache side-channel-weakmap@https://registry.npmjs.org/side-channel-weakmap/-/side-channel-weakmap-1.0.2.tgz 0ms (cache hit)
523 http cache side-channel-map@https://registry.npmjs.org/side-channel-map/-/side-channel-map-1.0.1.tgz 0ms (cache hit)
524 http cache path-to-regexp@https://registry.npmjs.org/path-to-regexp/-/path-to-regexp-8.3.0.tgz 0ms (cache hit)
525 http cache is-promise@https://registry.npmjs.org/is-promise/-/is-promise-4.0.0.tgz 0ms (cache hit)
526 http cache unpipe@https://registry.npmjs.org/unpipe/-/unpipe-1.0.0.tgz 0ms (cache hit)
527 http cache forwarded@https://registry.npmjs.org/forwarded/-/forwarded-0.2.0.tgz 0ms (cache hit)
528 http cache ee-first@https://registry.npmjs.org/ee-first/-/ee-first-1.1.1.tgz 0ms (cache hit)
529 http cache mime-db@https://registry.npmjs.org/mime-db/-/mime-db-1.54.0.tgz 0ms (cache hit)
530 http cache side-channel@https://registry.npmjs.org/side-channel/-/side-channel-1.1.0.tgz 0ms (cache hit)
531 http cache get-intrinsic@https://registry.npmjs.org/get-intrinsic/-/get-intrinsic-1.3.0.tgz 0ms (cache hit)
532 http cache side-channel-list@https://registry.npmjs.org/side-channel-list/-/side-channel-list-1.0.0.tgz 0ms (cache hit)
533 http cache object-inspect@https://registry.npmjs.org/object-inspect/-/object-inspect-1.13.4.tgz 0ms (cache hit)
534 http cache safer-buffer@https://registry.npmjs.org/safer-buffer/-/safer-buffer-2.1.2.tgz 0ms (cache hit)
535 http cache wrappy@https://registry.npmjs.org/wrappy/-/wrappy-1.0.2.tgz 0ms (cache hit)
536 http cache ipaddr.js@https://registry.npmjs.org/ipaddr.js/-/ipaddr.js-1.9.1.tgz 0ms (cache hit)
537 http cache toidentifier@https://registry.npmjs.org/toidentifier/-/toidentifier-1.0.1.tgz 0ms (cache hit)
538 http cache setprototypeof@https://registry.npmjs.org/setprototypeof/-/setprototypeof-1.2.0.tgz 0ms (cache hit)
539 http cache inherits@https://registry.npmjs.org/inherits/-/inherits-2.0.4.tgz 0ms (cache hit)
540 http cache depd@https://registry.npmjs.org/depd/-/depd-2.0.0.tgz 0ms (cache hit)
541 http cache safe-buffer@https://registry.npmjs.org/safe-buffer/-/safe-buffer-5.2.1.tgz 0ms (cache hit)
542 http cache ms@https://registry.npmjs.org/ms/-/ms-2.1.3.tgz 0ms (cache hit)
543 http cache bytes@https://registry.npmjs.org/bytes/-/bytes-3.1.2.tgz 1ms (cache hit)
544 http cache raw-body@https://registry.npmjs.org/raw-body/-/raw-body-3.0.1.tgz 0ms (cache hit)
545 http cache iconv-lite@https://registry.npmjs.org/iconv-lite/-/iconv-lite-0.6.3.tgz 0ms (cache hit)
546 http cache type-is@https://registry.npmjs.org/type-is/-/type-is-2.0.1.tgz 0ms (cache hit)
547 http cache negotiator@https://registry.npmjs.org/negotiator/-/negotiator-1.0.0.tgz 0ms (cache hit)
548 http cache statuses@https://registry.npmjs.org/statuses/-/statuses-2.0.2.tgz 0ms (cache hit)
549 http cache serve-static@https://registry.npmjs.org/serve-static/-/serve-static-2.2.0.tgz 0ms (cache hit)
550 http cache router@https://registry.npmjs.org/router/-/router-2.2.0.tgz 0ms (cache hit)
551 http cache send@https://registry.npmjs.org/send/-/send-1.2.0.tgz 0ms (cache hit)
552 http cache vary@https://registry.npmjs.org/vary/-/vary-1.1.2.tgz 0ms (cache hit)
553 http cache once@https://registry.npmjs.org/once/-/once-1.4.0.tgz 0ms (cache hit)
554 http cache on-finished@https://registry.npmjs.org/on-finished/-/on-finished-2.4.1.tgz 0ms (cache hit)
555 http cache qs@https://registry.npmjs.org/qs/-/qs-6.14.0.tgz 0ms (cache hit)
556 http cache parseurl@https://registry.npmjs.org/parseurl/-/parseurl-1.3.3.tgz 0ms (cache hit)
557 http cache range-parser@https://registry.npmjs.org/range-parser/-/range-parser-1.2.1.tgz 1ms (cache hit)
558 http cache proxy-addr@https://registry.npmjs.org/proxy-addr/-/proxy-addr-2.0.7.tgz 0ms (cache hit)
559 http cache mime-types@https://registry.npmjs.org/mime-types/-/mime-types-3.0.1.tgz 0ms (cache hit)
560 http cache merge-descriptors@https://registry.npmjs.org/merge-descriptors/-/merge-descriptors-2.0.0.tgz 0ms (cache hit)
561 http cache fresh@https://registry.npmjs.org/fresh/-/fresh-2.0.0.tgz 0ms (cache hit)
562 http cache escape-html@https://registry.npmjs.org/escape-html/-/escape-html-1.0.3.tgz 0ms (cache hit)
563 http cache cookie-signature@https://registry.npmjs.org/cookie-signature/-/cookie-signature-1.2.2.tgz 0ms (cache hit)
564 http cache etag@https://registry.npmjs.org/etag/-/etag-1.8.1.tgz 0ms (cache hit)
565 http cache http-errors@https://registry.npmjs.org/http-errors/-/http-errors-2.0.0.tgz 0ms (cache hit)
566 http cache debug@https://registry.npmjs.org/debug/-/debug-4.4.3.tgz 0ms (cache hit)
567 http cache finalhandler@https://registry.npmjs.org/finalhandler/-/finalhandler-2.1.0.tgz 0ms (cache hit)
568 http cache encodeurl@https://registry.npmjs.org/encodeurl/-/encodeurl-2.0.0.tgz 1ms (cache hit)
569 http cache cookie@https://registry.npmjs.org/cookie/-/cookie-0.7.2.tgz 0ms (cache hit)
570 http cache content-type@https://registry.npmjs.org/content-type/-/content-type-1.0.5.tgz 0ms (cache hit)
571 http cache body-parser@https://registry.npmjs.org/body-parser/-/body-parser-2.2.0.tgz 0ms (cache hit)
572 http cache accepts@https://registry.npmjs.org/accepts/-/accepts-2.0.0.tgz 0ms (cache hit)
573 http cache mime-db@https://registry.npmjs.org/mime-db/-/mime-db-1.52.0.tgz 0ms (cache hit)
574 http cache negotiator@https://registry.npmjs.org/negotiator/-/negotiator-0.6.3.tgz 0ms (cache hit)
575 http cache content-disposition@https://registry.npmjs.org/content-disposition/-/content-disposition-1.0.0.tgz 0ms (cache hit)
576 http cache express@https://registry.npmjs.org/express/-/express-5.1.0.tgz 0ms (cache hit)
577 http cache debug@https://registry.npmjs.org/debug/-/debug-4.3.7.tgz 0ms (cache hit)
578 http cache debug@https://registry.npmjs.org/debug/-/debug-4.3.7.tgz 0ms (cache hit)
579 http cache socket.io@https://registry.npmjs.org/socket.io/-/socket.io-4.8.1.tgz 0ms (cache hit)
580 http cache debug@https://registry.npmjs.org/debug/-/debug-4.3.7.tgz 0ms (cache hit)
581 http cache mime-types@https://registry.npmjs.org/mime-types/-/mime-types-2.1.35.tgz 0ms (cache hit)
582 http cache iconv-lite@https://registry.npmjs.org/iconv-lite/-/iconv-lite-0.7.0.tgz 0ms (cache hit)
583 http cache mime-types@https://registry.npmjs.org/mime-types/-/mime-types-2.1.35.tgz 0ms (cache hit)
584 http cache statuses@https://registry.npmjs.org/statuses/-/statuses-2.0.1.tgz 0ms (cache hit)
585 silly tarball no local data for @socket.io/component-emitter@https://registry.npmjs.org/@socket.io/component-emitter/-/component-emitter-3.1.2.tgz. Extracting by manifest.
586 http cache negotiator@https://registry.npmjs.org/negotiator/-/negotiator-0.6.3.tgz 0ms (cache hit)
587 http cache accepts@https://registry.npmjs.org/accepts/-/accepts-1.3.8.tgz 0ms (cache hit)
588 silly tarball no local data for media-typer@https://registry.npmjs.org/media-typer/-/media-typer-1.1.0.tgz. Extracting by manifest.
589 silly tarball no local data for ws@https://registry.npmjs.org/ws/-/ws-8.17.1.tgz. Extracting by manifest.
590 silly tarball no local data for undici-types@https://registry.npmjs.org/undici-types/-/undici-types-7.12.0.tgz. Extracting by manifest.
591 silly tarball no local data for @types/node@https://registry.npmjs.org/@types/node/-/node-24.5.2.tgz. Extracting by manifest.
592 silly tarball no local data for engine.io-parser@https://registry.npmjs.org/engine.io-parser/-/engine.io-parser-5.2.3.tgz. Extracting by manifest.
593 silly tarball no local data for object-assign@https://registry.npmjs.org/object-assign/-/object-assign-4.1.1.tgz. Extracting by manifest.
594 silly tarball no local data for @types/cors@https://registry.npmjs.org/@types/cors/-/cors-2.8.19.tgz. Extracting by manifest.
595 silly tarball no local data for engine.io@https://registry.npmjs.org/engine.io/-/engine.io-6.6.4.tgz. Extracting by manifest.
596 silly tarball no local data for socket.io-parser@https://registry.npmjs.org/socket.io-parser/-/socket.io-parser-4.2.4.tgz. Extracting by manifest.
597 silly tarball no local data for cors@https://registry.npmjs.org/cors/-/cors-2.8.5.tgz. Extracting by manifest.
598 silly tarball no local data for socket.io-adapter@https://registry.npmjs.org/socket.io-adapter/-/socket.io-adapter-2.5.5.tgz. Extracting by manifest.
599 silly tarball no local data for base64id@https://registry.npmjs.org/base64id/-/base64id-2.0.0.tgz. Extracting by manifest.
600 silly tarball no local data for dunder-proto@https://registry.npmjs.org/dunder-proto/-/dunder-proto-1.0.1.tgz. Extracting by manifest.
601 silly tarball no local data for has-symbols@https://registry.npmjs.org/has-symbols/-/has-symbols-1.1.0.tgz. Extracting by manifest.
602 silly tarball no local data for gopd@https://registry.npmjs.org/gopd/-/gopd-1.2.0.tgz. Extracting by manifest.
603 silly tarball no local data for hasown@https://registry.npmjs.org/hasown/-/hasown-2.0.2.tgz. Extracting by manifest.
604 silly tarball no local data for function-bind@https://registry.npmjs.org/function-bind/-/function-bind-1.1.2.tgz. Extracting by manifest.
605 silly tarball no local data for math-intrinsics@https://registry.npmjs.org/math-intrinsics/-/math-intrinsics-1.1.0.tgz. Extracting by manifest.
606 silly tarball no local data for es-object-atoms@https://registry.npmjs.org/es-object-atoms/-/es-object-atoms-1.1.1.tgz. Extracting by manifest.
607 silly tarball no local data for es-define-property@https://registry.npmjs.org/es-define-property/-/es-define-property-1.0.1.tgz. Extracting by manifest.
608 silly tarball no local data for get-proto@https://registry.npmjs.org/get-proto/-/get-proto-1.0.1.tgz. Extracting by manifest.
609 http cache debug@https://registry.npmjs.org/debug/-/debug-4.3.7.tgz 0ms (cache hit)
610 silly tarball no local data for call-bind-apply-helpers@https://registry.npmjs.org/call-bind-apply-helpers/-/call-bind-apply-helpers-1.0.2.tgz. Extracting by manifest.
611 silly tarball no local data for es-errors@https://registry.npmjs.org/es-errors/-/es-errors-1.3.0.tgz. Extracting by manifest.
612 silly tarball no local data for call-bound@https://registry.npmjs.org/call-bound/-/call-bound-1.0.4.tgz. Extracting by manifest.
613 silly tarball no local data for side-channel-weakmap@https://registry.npmjs.org/side-channel-weakmap/-/side-channel-weakmap-1.0.2.tgz. Extracting by manifest.
614 silly tarball no local data for side-channel-map@https://registry.npmjs.org/side-channel-map/-/side-channel-map-1.0.1.tgz. Extracting by manifest.
615 silly tarball no local data for path-to-regexp@https://registry.npmjs.org/path-to-regexp/-/path-to-regexp-8.3.0.tgz. Extracting by manifest.
616 silly tarball no local data for is-promise@https://registry.npmjs.org/is-promise/-/is-promise-4.0.0.tgz. Extracting by manifest.
617 silly tarball no local data for unpipe@https://registry.npmjs.org/unpipe/-/unpipe-1.0.0.tgz. Extracting by manifest.
618 silly tarball no local data for forwarded@https://registry.npmjs.org/forwarded/-/forwarded-0.2.0.tgz. Extracting by manifest.
619 silly tarball no local data for mime-db@https://registry.npmjs.org/mime-db/-/mime-db-1.54.0.tgz. Extracting by manifest.
620 silly tarball no local data for ee-first@https://registry.npmjs.org/ee-first/-/ee-first-1.1.1.tgz. Extracting by manifest.
621 silly tarball no local data for side-channel@https://registry.npmjs.org/side-channel/-/side-channel-1.1.0.tgz. Extracting by manifest.
622 silly tarball no local data for get-intrinsic@https://registry.npmjs.org/get-intrinsic/-/get-intrinsic-1.3.0.tgz. Extracting by manifest.
623 silly tarball no local data for side-channel-list@https://registry.npmjs.org/side-channel-list/-/side-channel-list-1.0.0.tgz. Extracting by manifest.
624 silly tarball no local data for object-inspect@https://registry.npmjs.org/object-inspect/-/object-inspect-1.13.4.tgz. Extracting by manifest.
625 silly tarball no local data for safer-buffer@https://registry.npmjs.org/safer-buffer/-/safer-buffer-2.1.2.tgz. Extracting by manifest.
626 silly tarball no local data for wrappy@https://registry.npmjs.org/wrappy/-/wrappy-1.0.2.tgz. Extracting by manifest.
627 silly tarball no local data for ipaddr.js@https://registry.npmjs.org/ipaddr.js/-/ipaddr.js-1.9.1.tgz. Extracting by manifest.
628 silly tarball no local data for toidentifier@https://registry.npmjs.org/toidentifier/-/toidentifier-1.0.1.tgz. Extracting by manifest.
629 silly tarball no local data for setprototypeof@https://registry.npmjs.org/setprototypeof/-/setprototypeof-1.2.0.tgz. Extracting by manifest.
630 silly tarball no local data for inherits@https://registry.npmjs.org/inherits/-/inherits-2.0.4.tgz. Extracting by manifest.
631 silly tarball no local data for depd@https://registry.npmjs.org/depd/-/depd-2.0.0.tgz. Extracting by manifest.
632 silly tarball no local data for safe-buffer@https://registry.npmjs.org/safe-buffer/-/safe-buffer-5.2.1.tgz. Extracting by manifest.
633 silly tarball no local data for ms@https://registry.npmjs.org/ms/-/ms-2.1.3.tgz. Extracting by manifest.
634 silly tarball no local data for bytes@https://registry.npmjs.org/bytes/-/bytes-3.1.2.tgz. Extracting by manifest.
635 silly tarball no local data for raw-body@https://registry.npmjs.org/raw-body/-/raw-body-3.0.1.tgz. Extracting by manifest.
636 silly tarball no local data for iconv-lite@https://registry.npmjs.org/iconv-lite/-/iconv-lite-0.6.3.tgz. Extracting by manifest.
637 silly tarball no local data for type-is@https://registry.npmjs.org/type-is/-/type-is-2.0.1.tgz. Extracting by manifest.
638 silly tarball no local data for negotiator@https://registry.npmjs.org/negotiator/-/negotiator-1.0.0.tgz. Extracting by manifest.
639 silly tarball no local data for statuses@https://registry.npmjs.org/statuses/-/statuses-2.0.2.tgz. Extracting by manifest.
640 silly tarball no local data for serve-static@https://registry.npmjs.org/serve-static/-/serve-static-2.2.0.tgz. Extracting by manifest.
641 silly tarball no local data for router@https://registry.npmjs.org/router/-/router-2.2.0.tgz. Extracting by manifest.
642 silly tarball no local data for send@https://registry.npmjs.org/send/-/send-1.2.0.tgz. Extracting by manifest.
643 silly tarball no local data for vary@https://registry.npmjs.org/vary/-/vary-1.1.2.tgz. Extracting by manifest.
644 silly tarball no local data for once@https://registry.npmjs.org/once/-/once-1.4.0.tgz. Extracting by manifest.
645 silly tarball no local data for on-finished@https://registry.npmjs.org/on-finished/-/on-finished-2.4.1.tgz. Extracting by manifest.
646 silly tarball no local data for qs@https://registry.npmjs.org/qs/-/qs-6.14.0.tgz. Extracting by manifest.
647 silly tarball no local data for parseurl@https://registry.npmjs.org/parseurl/-/parseurl-1.3.3.tgz. Extracting by manifest.
648 silly tarball no local data for range-parser@https://registry.npmjs.org/range-parser/-/range-parser-1.2.1.tgz. Extracting by manifest.
649 silly tarball no local data for proxy-addr@https://registry.npmjs.org/proxy-addr/-/proxy-addr-2.0.7.tgz. Extracting by manifest.
650 silly tarball no local data for mime-types@https://registry.npmjs.org/mime-types/-/mime-types-3.0.1.tgz. Extracting by manifest.
651 silly tarball no local data for merge-descriptors@https://registry.npmjs.org/merge-descriptors/-/merge-descriptors-2.0.0.tgz. Extracting by manifest.
652 http cache accepts@https://registry.npmjs.org/accepts/-/accepts-1.3.8.tgz 0ms (cache hit)
653 silly tarball no local data for fresh@https://registry.npmjs.org/fresh/-/fresh-2.0.0.tgz. Extracting by manifest.
654 silly tarball no local data for escape-html@https://registry.npmjs.org/escape-html/-/escape-html-1.0.3.tgz. Extracting by manifest.
655 silly tarball no local data for cookie-signature@https://registry.npmjs.org/cookie-signature/-/cookie-signature-1.2.2.tgz. Extracting by manifest.
656 silly tarball no local data for etag@https://registry.npmjs.org/etag/-/etag-1.8.1.tgz. Extracting by manifest.
657 silly tarball no local data for http-errors@https://registry.npmjs.org/http-errors/-/http-errors-2.0.0.tgz. Extracting by manifest.
658 silly tarball no local data for debug@https://registry.npmjs.org/debug/-/debug-4.4.3.tgz. Extracting by manifest.
659 silly tarball no local data for finalhandler@https://registry.npmjs.org/finalhandler/-/finalhandler-2.1.0.tgz. Extracting by manifest.
660 silly tarball no local data for encodeurl@https://registry.npmjs.org/encodeurl/-/encodeurl-2.0.0.tgz. Extracting by manifest.
661 silly tarball no local data for cookie@https://registry.npmjs.org/cookie/-/cookie-0.7.2.tgz. Extracting by manifest.
662 silly tarball no local data for content-type@https://registry.npmjs.org/content-type/-/content-type-1.0.5.tgz. Extracting by manifest.
663 silly tarball no local data for body-parser@https://registry.npmjs.org/body-parser/-/body-parser-2.2.0.tgz. Extracting by manifest.
664 silly tarball no local data for accepts@https://registry.npmjs.org/accepts/-/accepts-2.0.0.tgz. Extracting by manifest.
665 silly tarball no local data for mime-db@https://registry.npmjs.org/mime-db/-/mime-db-1.52.0.tgz. Extracting by manifest.
666 silly tarball no local data for negotiator@https://registry.npmjs.org/negotiator/-/negotiator-0.6.3.tgz. Extracting by manifest.
667 silly tarball no local data for content-disposition@https://registry.npmjs.org/content-disposition/-/content-disposition-1.0.0.tgz. Extracting by manifest.
668 silly tarball no local data for express@https://registry.npmjs.org/express/-/express-5.1.0.tgz. Extracting by manifest.
669 silly tarball no local data for debug@https://registry.npmjs.org/debug/-/debug-4.3.7.tgz. Extracting by manifest.
670 silly tarball no local data for debug@https://registry.npmjs.org/debug/-/debug-4.3.7.tgz. Extracting by manifest.
671 silly tarball no local data for socket.io@https://registry.npmjs.org/socket.io/-/socket.io-4.8.1.tgz. Extracting by manifest.
672 silly tarball no local data for debug@https://registry.npmjs.org/debug/-/debug-4.3.7.tgz. Extracting by manifest.
673 silly tarball no local data for mime-types@https://registry.npmjs.org/mime-types/-/mime-types-2.1.35.tgz. Extracting by manifest.
674 silly tarball no local data for iconv-lite@https://registry.npmjs.org/iconv-lite/-/iconv-lite-0.7.0.tgz. Extracting by manifest.
675 silly tarball no local data for mime-types@https://registry.npmjs.org/mime-types/-/mime-types-2.1.35.tgz. Extracting by manifest.
676 silly tarball no local data for statuses@https://registry.npmjs.org/statuses/-/statuses-2.0.1.tgz. Extracting by manifest.
677 http cache mime-db@https://registry.npmjs.org/mime-db/-/mime-db-1.52.0.tgz 0ms (cache hit)
678 silly tarball no local data for negotiator@https://registry.npmjs.org/negotiator/-/negotiator-0.6.3.tgz. Extracting by manifest.
679 silly tarball no local data for accepts@https://registry.npmjs.org/accepts/-/accepts-1.3.8.tgz. Extracting by manifest.
680 silly tarball no local data for debug@https://registry.npmjs.org/debug/-/debug-4.3.7.tgz. Extracting by manifest.
681 silly tarball no local data for accepts@https://registry.npmjs.org/accepts/-/accepts-1.3.8.tgz. Extracting by manifest.
682 silly tarball no local data for mime-db@https://registry.npmjs.org/mime-db/-/mime-db-1.52.0.tgz. Extracting by manifest.
683 http fetch POST 200 https://registry.npmjs.org/-/npm/v1/security/advisories/bulk 516ms
684 silly audit report {}
685 http fetch GET 200 https://registry.npmjs.org/media-typer/-/media-typer-1.1.0.tgz 366ms (cache miss)
686 http fetch GET 200 https://registry.npmjs.org/engine.io-parser/-/engine.io-parser-5.2.3.tgz 531ms (cache miss)
687 http fetch GET 200 https://registry.npmjs.org/has-symbols/-/has-symbols-1.1.0.tgz 2458ms (cache miss)
688 http fetch GET 200 https://registry.npmjs.org/@socket.io/component-emitter/-/component-emitter-3.1.2.tgz 3294ms (cache miss)
689 http fetch GET 200 https://registry.npmjs.org/gopd/-/gopd-1.2.0.tgz 3902ms (cache miss)
690 http fetch GET 200 https://registry.npmjs.org/hasown/-/hasown-2.0.2.tgz 3911ms (cache miss)
691 http fetch GET 200 https://registry.npmjs.org/math-intrinsics/-/math-intrinsics-1.1.0.tgz 4084ms (cache miss)
692 http fetch GET 200 https://registry.npmjs.org/es-errors/-/es-errors-1.3.0.tgz 4488ms (cache miss)
693 http fetch GET 200 https://registry.npmjs.org/ws/-/ws-8.17.1.tgz 4521ms (cache miss)
694 http fetch GET 200 https://registry.npmjs.org/side-channel-weakmap/-/side-channel-weakmap-1.0.2.tgz 4495ms (cache miss)
695 http fetch GET 200 https://registry.npmjs.org/function-bind/-/function-bind-1.1.2.tgz 4527ms (cache miss)
696 http fetch GET 200 https://registry.npmjs.org/es-object-atoms/-/es-object-atoms-1.1.1.tgz 4754ms (cache miss)
697 http fetch GET 200 https://registry.npmjs.org/get-proto/-/get-proto-1.0.1.tgz 4808ms (cache miss)
698 http fetch GET 200 https://registry.npmjs.org/side-channel-map/-/side-channel-map-1.0.1.tgz 4801ms (cache miss)
699 http fetch GET 200 https://registry.npmjs.org/call-bind-apply-helpers/-/call-bind-apply-helpers-1.0.2.tgz 4876ms (cache miss)
700 http fetch GET 200 https://registry.npmjs.org/forwarded/-/forwarded-0.2.0.tgz 5055ms (cache miss)
701 http fetch GET 200 https://registry.npmjs.org/es-define-property/-/es-define-property-1.0.1.tgz 5112ms (cache miss)
702 http fetch GET 200 https://registry.npmjs.org/cors/-/cors-2.8.5.tgz 5235ms (cache miss)
703 http fetch GET 200 https://registry.npmjs.org/call-bound/-/call-bound-1.0.4.tgz 5217ms (cache miss)
704 http fetch GET 200 https://registry.npmjs.org/object-assign/-/object-assign-4.1.1.tgz 5334ms (cache miss)
705 http fetch GET 200 https://registry.npmjs.org/unpipe/-/unpipe-1.0.0.tgz 5307ms (cache miss)
706 http fetch GET 200 https://registry.npmjs.org/is-promise/-/is-promise-4.0.0.tgz 5330ms (cache miss)
707 http fetch GET 200 https://registry.npmjs.org/ee-first/-/ee-first-1.1.1.tgz 5326ms (cache miss)
708 http fetch GET 200 https://registry.npmjs.org/side-channel-list/-/side-channel-list-1.0.0.tgz 5337ms (cache miss)
709 http fetch GET 200 https://registry.npmjs.org/negotiator/-/negotiator-1.0.0.tgz 5339ms (cache miss)
710 http fetch GET 200 https://registry.npmjs.org/ipaddr.js/-/ipaddr.js-1.9.1.tgz 5366ms (cache miss)
711 http fetch GET 200 https://registry.npmjs.org/merge-descriptors/-/merge-descriptors-2.0.0.tgz 5403ms (cache miss)
712 http fetch GET 200 https://registry.npmjs.org/finalhandler/-/finalhandler-2.1.0.tgz 5454ms (cache miss)
713 http fetch GET 200 https://registry.npmjs.org/bytes/-/bytes-3.1.2.tgz 5505ms (cache miss)
714 http fetch GET 200 https://registry.npmjs.org/raw-body/-/raw-body-3.0.1.tgz 5515ms (cache miss)
715 http fetch GET 200 https://registry.npmjs.org/@types/cors/-/cors-2.8.19.tgz 5585ms (cache miss)
716 http fetch GET 200 https://registry.npmjs.org/get-intrinsic/-/get-intrinsic-1.3.0.tgz 5579ms (cache miss)
717 http fetch GET 200 https://registry.npmjs.org/toidentifier/-/toidentifier-1.0.1.tgz 5590ms (cache miss)
718 http fetch GET 200 https://registry.npmjs.org/parseurl/-/parseurl-1.3.3.tgz 5567ms (cache miss)
719 http fetch GET 200 https://registry.npmjs.org/ms/-/ms-2.1.3.tgz 5606ms (cache miss)
720 http fetch GET 200 https://registry.npmjs.org/negotiator/-/negotiator-0.6.3.tgz 5551ms (cache miss)
721 http fetch GET 200 https://registry.npmjs.org/wrappy/-/wrappy-1.0.2.tgz 5648ms (cache miss)
722 http fetch GET 200 https://registry.npmjs.org/escape-html/-/escape-html-1.0.3.tgz 5630ms (cache miss)
723 http fetch GET 200 https://registry.npmjs.org/once/-/once-1.4.0.tgz 5646ms (cache miss)
724 http fetch GET 200 https://registry.npmjs.org/encodeurl/-/encodeurl-2.0.0.tgz 5656ms (cache miss)
725 http fetch GET 200 https://registry.npmjs.org/router/-/router-2.2.0.tgz 5685ms (cache miss)
726 http fetch GET 200 https://registry.npmjs.org/inherits/-/inherits-2.0.4.tgz 5706ms (cache miss)
727 http fetch GET 200 https://registry.npmjs.org/debug/-/debug-4.3.7.tgz 5681ms (cache miss)
728 http fetch GET 200 https://registry.npmjs.org/type-is/-/type-is-2.0.1.tgz 5730ms (cache miss)
729 http fetch GET 200 https://registry.npmjs.org/statuses/-/statuses-2.0.2.tgz 5729ms (cache miss)
730 http fetch GET 200 https://registry.npmjs.org/setprototypeof/-/setprototypeof-1.2.0.tgz 5745ms (cache miss)
731 http fetch GET 200 https://registry.npmjs.org/base64id/-/base64id-2.0.0.tgz 5788ms (cache miss)
732 http fetch GET 200 https://registry.npmjs.org/cookie-signature/-/cookie-signature-1.2.2.tgz 5720ms (cache miss)
733 http fetch GET 200 https://registry.npmjs.org/undici-types/-/undici-types-7.12.0.tgz 5837ms (cache miss)
734 http fetch GET 200 https://registry.npmjs.org/http-errors/-/http-errors-2.0.0.tgz 5749ms (cache miss)
735 http fetch GET 200 https://registry.npmjs.org/etag/-/etag-1.8.1.tgz 5752ms (cache miss)
736 http fetch GET 200 https://registry.npmjs.org/accepts/-/accepts-2.0.0.tgz 5765ms (cache miss)
737 http fetch GET 200 https://registry.npmjs.org/fresh/-/fresh-2.0.0.tgz 5781ms (cache miss)
738 http fetch GET 200 https://registry.npmjs.org/mime-db/-/mime-db-1.54.0.tgz 5844ms (cache miss)
739 http fetch GET 200 https://registry.npmjs.org/range-parser/-/range-parser-1.2.1.tgz 5805ms (cache miss)
740 http fetch GET 200 https://registry.npmjs.org/mime-types/-/mime-types-2.1.35.tgz 5795ms (cache miss)
741 http fetch GET 200 https://registry.npmjs.org/content-type/-/content-type-1.0.5.tgz 5830ms (cache miss)
742 http fetch GET 200 https://registry.npmjs.org/on-finished/-/on-finished-2.4.1.tgz 5854ms (cache miss)
743 http fetch GET 200 https://registry.npmjs.org/vary/-/vary-1.1.2.tgz 5883ms (cache miss)
744 http fetch GET 200 https://registry.npmjs.org/accepts/-/accepts-1.3.8.tgz 5836ms (cache miss)
745 http fetch GET 200 https://registry.npmjs.org/statuses/-/statuses-2.0.1.tgz 5872ms (cache miss)
746 http fetch GET 200 https://registry.npmjs.org/mime-types/-/mime-types-2.1.35.tgz 5941ms (cache miss)
747 http fetch GET 200 https://registry.npmjs.org/content-disposition/-/content-disposition-1.0.0.tgz 5951ms (cache miss)
748 http fetch GET 200 https://registry.npmjs.org/debug/-/debug-4.3.7.tgz 5945ms (cache miss)
749 http fetch GET 200 https://registry.npmjs.org/debug/-/debug-4.3.7.tgz 5949ms (cache miss)
750 http fetch GET 200 https://registry.npmjs.org/accepts/-/accepts-1.3.8.tgz 5823ms (cache miss)
751 http fetch GET 200 https://registry.npmjs.org/proxy-addr/-/proxy-addr-2.0.7.tgz 5996ms (cache miss)
752 http fetch GET 200 https://registry.npmjs.org/mime-db/-/mime-db-1.52.0.tgz 5796ms (cache miss)
753 http fetch GET 200 https://registry.npmjs.org/cookie/-/cookie-0.7.2.tgz 5990ms (cache miss)
754 http fetch GET 200 https://registry.npmjs.org/serve-static/-/serve-static-2.2.0.tgz 6020ms (cache miss)
755 http fetch GET 200 https://registry.npmjs.org/depd/-/depd-2.0.0.tgz 6033ms (cache miss)
756 http fetch GET 200 https://registry.npmjs.org/send/-/send-1.2.0.tgz 6078ms (cache miss)
757 http fetch GET 200 https://registry.npmjs.org/debug/-/debug-4.4.3.tgz 6058ms (cache miss)
758 http fetch GET 200 https://registry.npmjs.org/safer-buffer/-/safer-buffer-2.1.2.tgz 6108ms (cache miss)
759 http fetch GET 200 https://registry.npmjs.org/path-to-regexp/-/path-to-regexp-8.3.0.tgz 6124ms (cache miss)
760 http fetch GET 200 https://registry.npmjs.org/safe-buffer/-/safe-buffer-5.2.1.tgz 6101ms (cache miss)
761 http fetch GET 200 https://registry.npmjs.org/side-channel/-/side-channel-1.1.0.tgz 6120ms (cache miss)
762 http fetch GET 200 https://registry.npmjs.org/dunder-proto/-/dunder-proto-1.0.1.tgz 6162ms (cache miss)
763 http fetch GET 200 https://registry.npmjs.org/debug/-/debug-4.3.7.tgz 5995ms (cache miss)
764 http fetch GET 200 https://registry.npmjs.org/mime-types/-/mime-types-3.0.1.tgz 6125ms (cache miss)
765 http fetch GET 200 https://registry.npmjs.org/negotiator/-/negotiator-0.6.3.tgz 6159ms (cache miss)
766 http fetch GET 200 https://registry.npmjs.org/mime-db/-/mime-db-1.52.0.tgz 6163ms (cache miss)
767 http fetch GET 200 https://registry.npmjs.org/socket.io-adapter/-/socket.io-adapter-2.5.5.tgz 6265ms (cache miss)
768 http fetch GET 200 https://registry.npmjs.org/socket.io-parser/-/socket.io-parser-4.2.4.tgz 6468ms (cache miss)
769 http fetch GET 200 https://registry.npmjs.org/body-parser/-/body-parser-2.2.0.tgz 6400ms (cache miss)
770 http fetch GET 200 https://registry.npmjs.org/express/-/express-5.1.0.tgz 6589ms (cache miss)
771 http fetch GET 200 https://registry.npmjs.org/object-inspect/-/object-inspect-1.13.4.tgz 6826ms (cache miss)
772 http fetch GET 200 https://registry.npmjs.org/qs/-/qs-6.14.0.tgz 6802ms (cache miss)
773 http fetch GET 200 https://registry.npmjs.org/engine.io/-/engine.io-6.6.4.tgz 6927ms (cache miss)
774 http fetch GET 200 https://registry.npmjs.org/iconv-lite/-/iconv-lite-0.6.3.tgz 6949ms (cache miss)
775 http fetch GET 200 https://registry.npmjs.org/iconv-lite/-/iconv-lite-0.7.0.tgz 6936ms (cache miss)
776 http fetch GET 200 https://registry.npmjs.org/socket.io/-/socket.io-4.8.1.tgz 7112ms (cache miss)
777 http fetch GET 200 https://registry.npmjs.org/@types/node/-/node-24.5.2.tgz 7883ms (cache miss)
778 silly ADD node_modules/media-typer
779 silly ADD node_modules/@socket.io/component-emitter
780 silly ADD node_modules/undici-types
781 silly ADD node_modules/ws
782 silly ADD node_modules/engine.io-parser
783 silly ADD node_modules/@types/node
784 silly ADD node_modules/@types/cors
785 silly ADD node_modules/object-assign
786 silly ADD node_modules/socket.io-parser
787 silly ADD node_modules/socket.io-parser/node_modules/debug
788 silly ADD node_modules/socket.io-adapter
789 silly ADD node_modules/socket.io-adapter/node_modules/debug
790 silly ADD node_modules/engine.io
791 silly ADD node_modules/engine.io/node_modules/mime-db
792 silly ADD node_modules/engine.io/node_modules/negotiator
793 silly ADD node_modules/engine.io/node_modules/mime-types
794 silly ADD node_modules/engine.io/node_modules/debug
795 silly ADD node_modules/engine.io/node_modules/accepts
796 silly ADD node_modules/cors
797 silly ADD node_modules/base64id
798 silly ADD node_modules/dunder-proto
799 silly ADD node_modules/math-intrinsics
800 silly ADD node_modules/hasown
801 silly ADD node_modules/has-symbols
802 silly ADD node_modules/gopd
803 silly ADD node_modules/get-proto
804 silly ADD node_modules/es-object-atoms
805 silly ADD node_modules/es-define-property
806 silly ADD node_modules/function-bind
807 silly ADD node_modules/call-bind-apply-helpers
808 silly ADD node_modules/get-intrinsic
809 silly ADD node_modules/call-bound
810 silly ADD node_modules/side-channel-weakmap
811 silly ADD node_modules/side-channel-map
812 silly ADD node_modules/side-channel-list
813 silly ADD node_modules/object-inspect
814 silly ADD node_modules/es-errors
815 silly ADD node_modules/path-to-regexp
816 silly ADD node_modules/is-promise
817 silly ADD node_modules/unpipe
818 silly ADD node_modules/side-channel
819 silly ADD node_modules/ipaddr.js
820 silly ADD node_modules/forwarded
821 silly ADD node_modules/wrappy
822 silly ADD node_modules/ee-first
823 silly ADD node_modules/mime-db
824 silly ADD node_modules/safer-buffer
825 silly ADD node_modules/toidentifier
826 silly ADD node_modules/setprototypeof
827 silly ADD node_modules/inherits
828 silly ADD node_modules/depd
829 silly ADD node_modules/ms
830 silly ADD node_modules/safe-buffer
831 silly ADD node_modules/raw-body
832 silly ADD node_modules/raw-body/node_modules/iconv-lite
833 silly ADD node_modules/iconv-lite
834 silly ADD node_modules/bytes
835 silly ADD node_modules/negotiator
836 silly ADD node_modules/vary
837 silly ADD node_modules/type-is
838 silly ADD node_modules/statuses
839 silly ADD node_modules/serve-static
840 silly ADD node_modules/send
841 silly ADD node_modules/router
842 silly ADD node_modules/range-parser
843 silly ADD node_modules/qs
844 silly ADD node_modules/proxy-addr
845 silly ADD node_modules/parseurl
846 silly ADD node_modules/once
847 silly ADD node_modules/on-finished
848 silly ADD node_modules/mime-types
849 silly ADD node_modules/merge-descriptors
850 silly ADD node_modules/http-errors
851 silly ADD node_modules/http-errors/node_modules/statuses
852 silly ADD node_modules/fresh
853 silly ADD node_modules/finalhandler
854 silly ADD node_modules/etag
855 silly ADD node_modules/escape-html
856 silly ADD node_modules/encodeurl
857 silly ADD node_modules/debug
858 silly ADD node_modules/cookie-signature
859 silly ADD node_modules/cookie
860 silly ADD node_modules/content-type
861 silly ADD node_modules/content-disposition
862 silly ADD node_modules/body-parser
863 silly ADD node_modules/accepts
864 silly ADD node_modules/socket.io
865 silly ADD node_modules/socket.io/node_modules/mime-db
866 silly ADD node_modules/socket.io/node_modules/negotiator
867 silly ADD node_modules/socket.io/node_modules/mime-types
868 silly ADD node_modules/socket.io/node_modules/debug
869 silly ADD node_modules/socket.io/node_modules/accepts
870 silly ADD node_modules/express
871 verbose cwd /storage/emulated/0/download/chat-app
872 verbose os Linux 5.10.226-android12-9-31117096
873 verbose node v24.7.0
874 verbose npm  v11.5.1
875 verbose exit 0
876 info ok
