0 verbose cli /data/data/com.termux/files/usr/bin/node /data/data/com.termux/files/usr/bin/npm
1 info using npm@11.5.1
2 info using node@v24.7.0
3 silly config load:file:/data/data/com.termux/files/usr/lib/node_modules/npm/npmrc
4 silly config load:file:/data/data/com.termux/files/home/.npmrc
5 silly config load:file:/data/data/com.termux/files/usr/etc/npmrc
6 verbose title npm install express socket.io
7 verbose argv "install" "express" "socket.io"
8 verbose logfile logs-max:10 dir:/data/data/com.termux/files/home/.npm/_logs/2025-09-23T17_50_30_271Z-
9 verbose logfile /data/data/com.termux/files/home/.npm/_logs/2025-09-23T17_50_30_271Z-debug-0.log
10 silly logfile done cleaning log files
11 silly packumentCache heap:1174405120 maxSize:293601280 maxEntrySize:146800640
12 silly idealTree buildDeps
13 silly fetch manifest express@*
14 silly packumentCache full:https://registry.npmjs.org/express cache-miss
15 http fetch GET 200 https://registry.npmjs.org/express 25711ms (cache updated)
16 silly packumentCache full:https://registry.npmjs.org/express set size:undefined disposed:false
17 silly fetch manifest socket.io@*
18 silly packumentCache full:https://registry.npmjs.org/socket.io cache-miss
19 http fetch GET 200 https://registry.npmjs.org/socket.io 678ms (cache revalidated)
20 silly packumentCache full:https://registry.npmjs.org/socket.io set size:373575 disposed:false
21 silly placeDep ROOT express@5.1.0 OK for: home@1.0.0 want: *
22 silly placeDep ROOT socket.io@4.8.1 OK for: home@1.0.0 want: *
23 silly fetch manifest qs@^6.14.0
24 silly packumentCache full:https://registry.npmjs.org/qs cache-miss
25 silly fetch manifest etag@^1.8.1
26 silly packumentCache full:https://registry.npmjs.org/etag cache-miss
27 silly fetch manifest once@^1.4.0
28 silly packumentCache full:https://registry.npmjs.org/once cache-miss
29 silly fetch manifest send@^1.1.0
30 silly packumentCache full:https://registry.npmjs.org/send cache-miss
31 silly fetch manifest vary@^1.1.2
32 silly packumentCache full:https://registry.npmjs.org/vary cache-miss
33 silly fetch manifest debug@^4.4.0
34 silly packumentCache full:https://registry.npmjs.org/debug cache-miss
35 silly fetch manifest fresh@^2.0.0
36 silly packumentCache full:https://registry.npmjs.org/fresh cache-miss
37 http fetch GET 200 https://registry.npmjs.org/send 247ms (cache revalidated)
38 silly packumentCache full:https://registry.npmjs.org/send set size:147586 disposed:false
39 silly fetch manifest cookie@^0.7.1
40 silly packumentCache full:https://registry.npmjs.org/cookie cache-miss
41 http fetch GET 200 https://registry.npmjs.org/cookie 141ms (cache revalidated)
42 silly packumentCache full:https://registry.npmjs.org/cookie set size:67180 disposed:false
43 silly fetch manifest router@^2.2.0
44 silly packumentCache full:https://registry.npmjs.org/router cache-miss
45 http fetch GET 200 https://registry.npmjs.org/router 206ms (cache revalidated)
46 silly packumentCache full:https://registry.npmjs.org/router set size:116499 disposed:false
47 silly fetch manifest accepts@^2.0.0
48 silly packumentCache full:https://registry.npmjs.org/accepts cache-miss
49 http fetch GET 200 https://registry.npmjs.org/accepts 349ms (cache revalidated)
50 silly packumentCache full:https://registry.npmjs.org/accepts set size:77054 disposed:false
51 silly fetch manifest type-is@^2.0.1
52 silly packumentCache full:https://registry.npmjs.org/type-is cache-miss
53 http fetch GET 200 https://registry.npmjs.org/type-is 191ms (cache revalidated)
54 silly packumentCache full:https://registry.npmjs.org/type-is set size:86196 disposed:false
55 silly fetch manifest parseurl@^1.3.3
56 silly packumentCache full:https://registry.npmjs.org/parseurl cache-miss
57 http fetch GET 200 https://registry.npmjs.org/parseurl 482ms (cache revalidated)
58 silly packumentCache full:https://registry.npmjs.org/parseurl set size:24148 disposed:false
59 silly fetch manifest statuses@^2.0.1
60 silly packumentCache full:https://registry.npmjs.org/statuses cache-miss
61 http fetch GET 200 https://registry.npmjs.org/vary 1666ms (cache revalidated)
62 silly packumentCache full:https://registry.npmjs.org/vary set size:16018 disposed:false
63 silly fetch manifest encodeurl@^2.0.0
64 silly packumentCache full:https://registry.npmjs.org/encodeurl cache-miss
65 http fetch GET 200 https://registry.npmjs.org/etag 1690ms (cache revalidated)
66 silly packumentCache full:https://registry.npmjs.org/etag set size:30032 disposed:false
67 silly fetch manifest mime-types@^3.0.0
68 silly packumentCache full:https://registry.npmjs.org/mime-types cache-miss
69 http fetch GET 200 https://registry.npmjs.org/qs 1783ms (cache revalidated)
70 silly packumentCache full:https://registry.npmjs.org/qs set size:264677 disposed:false
71 silly fetch manifest proxy-addr@^2.0.7
72 silly packumentCache full:https://registry.npmjs.org/proxy-addr cache-miss
73 http fetch GET 200 https://registry.npmjs.org/debug 1788ms (cache revalidated)
74 silly packumentCache full:https://registry.npmjs.org/debug set size:195840 disposed:false
75 silly fetch manifest body-parser@^2.2.0
76 silly packumentCache full:https://registry.npmjs.org/body-parser cache-miss
77 http fetch GET 200 https://registry.npmjs.org/fresh 1816ms (cache revalidated)
78 silly packumentCache full:https://registry.npmjs.org/fresh set size:25427 disposed:false
79 silly fetch manifest escape-html@^1.0.3
80 silly packumentCache full:https://registry.npmjs.org/escape-html cache-miss
81 http fetch GET 200 https://registry.npmjs.org/once 1835ms (cache revalidated)
82 silly packumentCache full:https://registry.npmjs.org/once set size:11768 disposed:false
83 silly fetch manifest http-errors@^2.0.0
84 silly packumentCache full:https://registry.npmjs.org/http-errors cache-miss
85 http fetch GET 200 https://registry.npmjs.org/statuses 187ms (cache revalidated)
86 silly packumentCache full:https://registry.npmjs.org/statuses set size:37117 disposed:false
87 silly fetch manifest on-finished@^2.4.1
88 silly packumentCache full:https://registry.npmjs.org/on-finished cache-miss
89 http fetch GET 200 https://registry.npmjs.org/encodeurl 198ms (cache revalidated)
90 silly packumentCache full:https://registry.npmjs.org/encodeurl set size:12296 disposed:false
91 silly fetch manifest content-type@^1.0.5
92 silly packumentCache full:https://registry.npmjs.org/content-type cache-miss
93 http fetch GET 200 https://registry.npmjs.org/mime-types 177ms (cache revalidated)
94 silly packumentCache full:https://registry.npmjs.org/mime-types set size:136716 disposed:false
95 silly fetch manifest finalhandler@^2.1.0
96 silly packumentCache full:https://registry.npmjs.org/finalhandler cache-miss
97 http fetch GET 200 https://registry.npmjs.org/body-parser 171ms (cache revalidated)
98 silly packumentCache full:https://registry.npmjs.org/body-parser set size:209520 disposed:false
99 silly fetch manifest range-parser@^1.2.1
100 silly packumentCache full:https://registry.npmjs.org/range-parser cache-miss
101 http fetch GET 200 https://registry.npmjs.org/proxy-addr 196ms (cache revalidated)
102 silly packumentCache full:https://registry.npmjs.org/proxy-addr set size:61619 disposed:false
103 silly fetch manifest serve-static@^2.2.0
104 silly packumentCache full:https://registry.npmjs.org/serve-static cache-miss
105 http fetch GET 200 https://registry.npmjs.org/http-errors 176ms (cache revalidated)
106 silly packumentCache full:https://registry.npmjs.org/http-errors set size:69537 disposed:false
107 silly fetch manifest cookie-signature@^1.2.1
108 silly packumentCache full:https://registry.npmjs.org/cookie-signature cache-miss
109 http fetch GET 200 https://registry.npmjs.org/escape-html 197ms (cache revalidated)
110 silly packumentCache full:https://registry.npmjs.org/escape-html set size:7345 disposed:false
111 silly fetch manifest merge-descriptors@^2.0.0
112 silly packumentCache full:https://registry.npmjs.org/merge-descriptors cache-miss
113 http fetch GET 200 https://registry.npmjs.org/content-type 163ms (cache revalidated)
114 silly packumentCache full:https://registry.npmjs.org/content-type set size:17311 disposed:false
115 silly fetch manifest content-disposition@^1.0.0
116 silly packumentCache full:https://registry.npmjs.org/content-disposition cache-miss
117 http fetch GET 200 https://registry.npmjs.org/on-finished 182ms (cache revalidated)
118 silly packumentCache full:https://registry.npmjs.org/on-finished set size:23212 disposed:false
119 silly fetch manifest cors@~2.8.5
120 silly packumentCache full:https://registry.npmjs.org/cors cache-miss
121 http fetch GET 200 https://registry.npmjs.org/finalhandler 166ms (cache revalidated)
122 silly packumentCache full:https://registry.npmjs.org/finalhandler set size:74406 disposed:false
123 silly fetch manifest debug@~4.3.2
124 silly packumentCache full:https://registry.npmjs.org/debug cache-hit
125 silly fetch manifest accepts@~1.3.4
126 silly packumentCache full:https://registry.npmjs.org/accepts cache-hit
127 silly fetch manifest base64id@~2.0.0
128 silly packumentCache full:https://registry.npmjs.org/base64id cache-miss
129 http fetch GET 200 https://registry.npmjs.org/range-parser 335ms (cache revalidated)
130 silly packumentCache full:https://registry.npmjs.org/range-parser set size:22228 disposed:false
131 silly fetch manifest engine.io@~6.6.0
132 silly packumentCache full:https://registry.npmjs.org/engine.io cache-miss
133 http fetch GET 200 https://registry.npmjs.org/cookie-signature 307ms (cache revalidated)
134 silly packumentCache full:https://registry.npmjs.org/cookie-signature set size:21777 disposed:false
135 silly fetch manifest socket.io-parser@~4.2.4
136 silly packumentCache full:https://registry.npmjs.org/socket.io-parser cache-miss
137 http fetch GET 200 https://registry.npmjs.org/merge-descriptors 305ms (cache revalidated)
138 silly packumentCache full:https://registry.npmjs.org/merge-descriptors set size:16527 disposed:false
139 silly fetch manifest socket.io-adapter@~2.5.2
140 silly packumentCache full:https://registry.npmjs.org/socket.io-adapter cache-miss
141 http fetch GET 200 https://registry.npmjs.org/serve-static 345ms (cache revalidated)
142 silly packumentCache full:https://registry.npmjs.org/serve-static set size:145938 disposed:false
143 http fetch GET 200 https://registry.npmjs.org/content-disposition 302ms (cache revalidated)
144 silly packumentCache full:https://registry.npmjs.org/content-disposition set size:26893 disposed:false
145 http fetch GET 200 https://registry.npmjs.org/cors 531ms (cache revalidated)
146 silly packumentCache full:https://registry.npmjs.org/cors set size:73833 disposed:false
147 http fetch GET 200 https://registry.npmjs.org/base64id 527ms (cache revalidated)
148 silly packumentCache full:https://registry.npmjs.org/base64id set size:6136 disposed:false
149 http fetch GET 200 https://registry.npmjs.org/socket.io-adapter 673ms (cache revalidated)
150 silly packumentCache full:https://registry.npmjs.org/socket.io-adapter set size:65427 disposed:false
151 http fetch GET 200 https://registry.npmjs.org/socket.io-parser 697ms (cache revalidated)
152 silly packumentCache full:https://registry.npmjs.org/socket.io-parser set size:117471 disposed:false
153 http fetch GET 200 https://registry.npmjs.org/engine.io 2074ms (cache revalidated)
154 silly packumentCache full:https://registry.npmjs.org/engine.io set size:380957 disposed:false
155 silly placeDep ROOT accepts@2.0.0 OK for: express@5.1.0 want: ^2.0.0
156 silly placeDep ROOT body-parser@2.2.0 OK for: express@5.1.0 want: ^2.2.0
157 silly placeDep ROOT content-disposition@1.0.0 OK for: express@5.1.0 want: ^1.0.0
158 silly placeDep ROOT content-type@1.0.5 OK for: express@5.1.0 want: ^1.0.5
159 silly placeDep ROOT cookie@0.7.2 OK for: express@5.1.0 want: ^0.7.1
160 silly placeDep ROOT cookie-signature@1.2.2 OK for: express@5.1.0 want: ^1.2.1
161 silly placeDep ROOT debug@4.4.3 OK for: express@5.1.0 want: ^4.4.0
162 silly placeDep ROOT encodeurl@2.0.0 OK for: express@5.1.0 want: ^2.0.0
163 silly placeDep ROOT escape-html@1.0.3 OK for: express@5.1.0 want: ^1.0.3
164 silly placeDep ROOT etag@1.8.1 OK for: express@5.1.0 want: ^1.8.1
165 silly placeDep ROOT finalhandler@2.1.0 OK for: express@5.1.0 want: ^2.1.0
166 silly placeDep ROOT fresh@2.0.0 OK for: express@5.1.0 want: ^2.0.0
167 silly placeDep ROOT http-errors@2.0.0 OK for: express@5.1.0 want: ^2.0.0
168 silly placeDep ROOT merge-descriptors@2.0.0 OK for: express@5.1.0 want: ^2.0.0
169 silly placeDep ROOT mime-types@3.0.1 OK for: express@5.1.0 want: ^3.0.0
170 silly placeDep ROOT on-finished@2.4.1 OK for: express@5.1.0 want: ^2.4.1
171 silly placeDep ROOT once@1.4.0 OK for: express@5.1.0 want: ^1.4.0
172 silly placeDep ROOT parseurl@1.3.3 OK for: express@5.1.0 want: ^1.3.3
173 silly placeDep ROOT proxy-addr@2.0.7 OK for: express@5.1.0 want: ^2.0.7
174 silly placeDep ROOT qs@6.14.0 OK for: express@5.1.0 want: ^6.14.0
175 silly placeDep ROOT range-parser@1.2.1 OK for: express@5.1.0 want: ^1.2.1
176 silly placeDep ROOT router@2.2.0 OK for: express@5.1.0 want: ^2.2.0
177 silly placeDep ROOT send@1.2.0 OK for: express@5.1.0 want: ^1.1.0
178 silly placeDep ROOT serve-static@2.2.0 OK for: express@5.1.0 want: ^2.2.0
179 silly placeDep ROOT statuses@2.0.2 OK for: express@5.1.0 want: ^2.0.1
180 silly placeDep ROOT type-is@2.0.1 OK for: express@5.1.0 want: ^2.0.1
181 silly placeDep ROOT vary@1.1.2 OK for: express@5.1.0 want: ^1.1.2
182 silly fetch manifest negotiator@^1.0.0
183 silly packumentCache full:https://registry.npmjs.org/negotiator cache-miss
184 silly fetch manifest bytes@^3.1.2
185 silly packumentCache full:https://registry.npmjs.org/bytes cache-miss
186 silly fetch manifest iconv-lite@^0.6.3
187 silly packumentCache full:https://registry.npmjs.org/iconv-lite cache-miss
188 silly fetch manifest raw-body@^3.0.0
189 silly packumentCache full:https://registry.npmjs.org/raw-body cache-miss
190 silly fetch manifest type-is@^2.0.0
191 silly packumentCache full:https://registry.npmjs.org/type-is cache-hit
192 silly fetch manifest safe-buffer@5.2.1
193 silly packumentCache full:https://registry.npmjs.org/safe-buffer cache-miss
194 silly fetch manifest ms@^2.1.3
195 silly packumentCache full:https://registry.npmjs.org/ms cache-miss
196 silly fetch manifest depd@2.0.0
197 silly packumentCache full:https://registry.npmjs.org/depd cache-miss
198 http fetch GET 200 https://registry.npmjs.org/iconv-lite 149ms (cache revalidated)
199 silly packumentCache full:https://registry.npmjs.org/iconv-lite set size:118890 disposed:false
200 silly fetch manifest inherits@2.0.4
201 silly packumentCache full:https://registry.npmjs.org/inherits cache-miss
202 http fetch GET 200 https://registry.npmjs.org/raw-body 161ms (cache revalidated)
203 silly packumentCache full:https://registry.npmjs.org/raw-body set size:111234 disposed:false
204 silly fetch manifest statuses@2.0.1
205 silly packumentCache full:https://registry.npmjs.org/statuses cache-hit
206 silly fetch manifest toidentifier@1.0.1
207 silly packumentCache full:https://registry.npmjs.org/toidentifier cache-miss
208 http fetch GET 200 https://registry.npmjs.org/safe-buffer 197ms (cache revalidated)
209 silly packumentCache full:https://registry.npmjs.org/safe-buffer set size:41183 disposed:false
210 silly fetch manifest setprototypeof@1.2.0
211 silly packumentCache full:https://registry.npmjs.org/setprototypeof cache-miss
212 http fetch GET 200 https://registry.npmjs.org/bytes 213ms (cache revalidated)
213 silly packumentCache full:https://registry.npmjs.org/bytes set size:37018 disposed:false
214 silly fetch manifest mime-db@^1.54.0
215 silly packumentCache full:https://registry.npmjs.org/mime-db cache-miss
216 http fetch GET 200 https://registry.npmjs.org/negotiator 231ms (cache revalidated)
217 silly packumentCache full:https://registry.npmjs.org/negotiator set size:48046 disposed:false
218 silly fetch manifest ee-first@1.1.1
219 silly packumentCache full:https://registry.npmjs.org/ee-first cache-miss
220 http fetch GET 200 https://registry.npmjs.org/ms 223ms (cache revalidated)
221 silly packumentCache full:https://registry.npmjs.org/ms set size:92208 disposed:false
222 silly fetch manifest wrappy@1
223 silly packumentCache full:https://registry.npmjs.org/wrappy cache-miss
224 http fetch GET 200 https://registry.npmjs.org/depd 225ms (cache revalidated)
225 silly packumentCache full:https://registry.npmjs.org/depd set size:40182 disposed:false
226 silly fetch manifest forwarded@0.2.0
227 silly packumentCache full:https://registry.npmjs.org/forwarded cache-miss
228 http fetch GET 200 https://registry.npmjs.org/inherits 163ms (cache revalidated)
229 silly packumentCache full:https://registry.npmjs.org/inherits set size:12925 disposed:false
230 silly fetch manifest ipaddr.js@1.9.1
231 silly packumentCache full:https://registry.npmjs.org/ipaddr.js cache-miss
232 http fetch GET 200 https://registry.npmjs.org/toidentifier 157ms (cache revalidated)
233 silly packumentCache full:https://registry.npmjs.org/toidentifier set size:12006 disposed:false
234 silly fetch manifest side-channel@^1.1.0
235 silly packumentCache full:https://registry.npmjs.org/side-channel cache-miss
236 http fetch GET 200 https://registry.npmjs.org/ee-first 139ms (cache revalidated)
237 silly packumentCache full:https://registry.npmjs.org/ee-first set size:15327 disposed:false
238 silly fetch manifest depd@^2.0.0
239 silly packumentCache full:https://registry.npmjs.org/depd cache-hit
240 silly fetch manifest is-promise@^4.0.0
241 silly packumentCache full:https://registry.npmjs.org/is-promise cache-miss
242 http fetch GET 200 https://registry.npmjs.org/setprototypeof 168ms (cache revalidated)
243 silly packumentCache full:https://registry.npmjs.org/setprototypeof set size:14532 disposed:false
244 silly fetch manifest path-to-regexp@^8.0.0
245 silly packumentCache full:https://registry.npmjs.org/path-to-regexp cache-miss
246 http fetch GET 200 https://registry.npmjs.org/mime-db 168ms (cache revalidated)
247 silly packumentCache full:https://registry.npmjs.org/mime-db set size:164953 disposed:false
248 silly fetch manifest media-typer@^1.1.0
249 silly packumentCache full:https://registry.npmjs.org/media-typer cache-miss
250 http fetch GET 200 https://registry.npmjs.org/wrappy 164ms (cache revalidated)
251 silly packumentCache full:https://registry.npmjs.org/wrappy set size:7682 disposed:false
252 http fetch GET 200 https://registry.npmjs.org/forwarded 177ms (cache revalidated)
253 silly packumentCache full:https://registry.npmjs.org/forwarded set size:11229 disposed:false
254 http fetch GET 200 https://registry.npmjs.org/media-typer 167ms (cache revalidated)
255 silly packumentCache full:https://registry.npmjs.org/media-typer set size:20873 disposed:false
256 http fetch GET 200 https://registry.npmjs.org/path-to-regexp 179ms (cache revalidated)
257 silly packumentCache full:https://registry.npmjs.org/path-to-regexp set size:207142 disposed:false
258 http fetch GET 200 https://registry.npmjs.org/side-channel 540ms (cache revalidated)
259 silly packumentCache full:https://registry.npmjs.org/side-channel set size:24660 disposed:false
260 http fetch GET 200 https://registry.npmjs.org/ipaddr.js 915ms (cache revalidated)
261 silly packumentCache full:https://registry.npmjs.org/ipaddr.js set size:65942 disposed:false
262 http fetch GET 200 https://registry.npmjs.org/is-promise 2187ms (cache revalidated)
263 silly packumentCache full:https://registry.npmjs.org/is-promise set size:18599 disposed:false
264 silly placeDep ROOT negotiator@1.0.0 OK for: accepts@2.0.0 want: ^1.0.0
265 silly placeDep ROOT bytes@3.1.2 OK for: body-parser@2.2.0 want: ^3.1.2
266 silly placeDep ROOT iconv-lite@0.6.3 OK for: body-parser@2.2.0 want: ^0.6.3
267 silly placeDep ROOT raw-body@3.0.1 OK for: body-parser@2.2.0 want: ^3.0.0
268 silly fetch manifest safer-buffer@>= 2.1.2 < 3.0.0
269 silly packumentCache full:https://registry.npmjs.org/safer-buffer cache-miss
270 silly fetch manifest iconv-lite@0.7.0
271 silly packumentCache full:https://registry.npmjs.org/iconv-lite cache-hit
272 silly fetch manifest unpipe@1.0.0
273 silly packumentCache full:https://registry.npmjs.org/unpipe cache-miss
274 http fetch GET 200 https://registry.npmjs.org/safer-buffer 370ms (cache revalidated)
275 silly packumentCache full:https://registry.npmjs.org/safer-buffer set size:18521 disposed:false
276 http fetch GET 200 https://registry.npmjs.org/unpipe 373ms (cache revalidated)
277 silly packumentCache full:https://registry.npmjs.org/unpipe set size:3537 disposed:false
278 silly placeDep ROOT safe-buffer@5.2.1 OK for: content-disposition@1.0.0 want: 5.2.1
279 silly placeDep ROOT ms@2.1.3 OK for: debug@4.4.3 want: ^2.1.3
280 silly placeDep ROOT depd@2.0.0 OK for: http-errors@2.0.0 want: 2.0.0
281 silly placeDep ROOT inherits@2.0.4 OK for: http-errors@2.0.0 want: 2.0.4
282 silly placeDep ROOT setprototypeof@1.2.0 OK for: http-errors@2.0.0 want: 1.2.0
283 silly placeDep node_modules/http-errors statuses@2.0.1 OK for: http-errors@2.0.0 want: 2.0.1
284 silly placeDep ROOT toidentifier@1.0.1 OK for: http-errors@2.0.0 want: 1.0.1
285 silly placeDep ROOT safer-buffer@2.1.2 OK for: iconv-lite@0.6.3 want: >= 2.1.2 < 3.0.0
286 silly placeDep ROOT mime-db@1.54.0 OK for: mime-types@3.0.1 want: ^1.54.0
287 silly placeDep ROOT ee-first@1.1.1 OK for: on-finished@2.4.1 want: 1.1.1
288 silly placeDep ROOT wrappy@1.0.2 OK for: once@1.4.0 want: 1
289 silly placeDep ROOT forwarded@0.2.0 OK for: proxy-addr@2.0.7 want: 0.2.0
290 silly placeDep ROOT ipaddr.js@1.9.1 OK for: proxy-addr@2.0.7 want: 1.9.1
291 silly placeDep ROOT side-channel@1.1.0 OK for: qs@6.14.0 want: ^1.1.0
292 silly fetch manifest es-errors@^1.3.0
293 silly packumentCache full:https://registry.npmjs.org/es-errors cache-miss
294 silly fetch manifest object-inspect@^1.13.3
295 silly packumentCache full:https://registry.npmjs.org/object-inspect cache-miss
296 silly fetch manifest side-channel-list@^1.0.0
297 silly packumentCache full:https://registry.npmjs.org/side-channel-list cache-miss
298 silly fetch manifest side-channel-map@^1.0.1
299 silly packumentCache full:https://registry.npmjs.org/side-channel-map cache-miss
300 silly fetch manifest side-channel-weakmap@^1.0.2
301 silly packumentCache full:https://registry.npmjs.org/side-channel-weakmap cache-miss
302 http fetch GET 200 https://registry.npmjs.org/es-errors 472ms (cache revalidated)
303 silly packumentCache full:https://registry.npmjs.org/es-errors set size:16918 disposed:false
304 http fetch GET 200 https://registry.npmjs.org/side-channel-list 483ms (cache revalidated)
305 silly packumentCache full:https://registry.npmjs.org/side-channel-list set size:6005 disposed:false
306 http fetch GET 200 https://registry.npmjs.org/side-channel-map 484ms (cache revalidated)
307 silly packumentCache full:https://registry.npmjs.org/side-channel-map set size:9126 disposed:false
308 http fetch GET 200 https://registry.npmjs.org/side-channel-weakmap 485ms (cache revalidated)
309 silly packumentCache full:https://registry.npmjs.org/side-channel-weakmap set size:12620 disposed:false
310 http fetch GET 200 https://registry.npmjs.org/object-inspect 490ms (cache revalidated)
311 silly packumentCache full:https://registry.npmjs.org/object-inspect set size:101912 disposed:false
312 silly placeDep node_modules/raw-body iconv-lite@0.7.0 OK for: raw-body@3.0.1 want: 0.7.0
313 silly placeDep ROOT unpipe@1.0.0 OK for: raw-body@3.0.1 want: 1.0.0
314 silly placeDep ROOT is-promise@4.0.0 OK for: router@2.2.0 want: ^4.0.0
315 silly placeDep ROOT path-to-regexp@8.3.0 OK for: router@2.2.0 want: ^8.0.0
316 silly placeDep ROOT es-errors@1.3.0 OK for: side-channel@1.1.0 want: ^1.3.0
317 silly placeDep ROOT object-inspect@1.13.4 OK for: side-channel@1.1.0 want: ^1.13.3
318 silly placeDep ROOT side-channel-list@1.0.0 OK for: side-channel@1.1.0 want: ^1.0.0
319 silly placeDep ROOT side-channel-map@1.0.1 OK for: side-channel@1.1.0 want: ^1.0.1
320 silly placeDep ROOT side-channel-weakmap@1.0.2 OK for: side-channel@1.1.0 want: ^1.0.2
321 silly fetch manifest call-bound@^1.0.2
322 silly packumentCache full:https://registry.npmjs.org/call-bound cache-miss
323 silly fetch manifest get-intrinsic@^1.2.5
324 silly packumentCache full:https://registry.npmjs.org/get-intrinsic cache-miss
325 silly fetch manifest call-bound@^1.0.2
326 silly packumentCache full:https://registry.npmjs.org/call-bound cache-miss
327 silly fetch manifest get-intrinsic@^1.2.5
328 silly packumentCache full:https://registry.npmjs.org/get-intrinsic cache-miss
329 http fetch GET 200 https://registry.npmjs.org/get-intrinsic 1267ms (cache revalidated)
330 silly packumentCache full:https://registry.npmjs.org/get-intrinsic set size:57687 disposed:false
331 http fetch GET 200 https://registry.npmjs.org/get-intrinsic 1272ms (cache revalidated)
332 silly packumentCache full:https://registry.npmjs.org/get-intrinsic set size:57687 disposed:false
333 silly packumentCache full:https://registry.npmjs.org/get-intrinsic dispose
334 http fetch GET 200 https://registry.npmjs.org/call-bound 1275ms (cache revalidated)
335 silly packumentCache full:https://registry.npmjs.org/call-bound set size:15317 disposed:false
336 http fetch GET 200 https://registry.npmjs.org/call-bound 1279ms (cache revalidated)
337 silly packumentCache full:https://registry.npmjs.org/call-bound set size:15317 disposed:false
338 silly packumentCache full:https://registry.npmjs.org/call-bound dispose
339 silly placeDep ROOT call-bound@1.0.4 OK for: side-channel-map@1.0.1 want: ^1.0.2
340 silly placeDep ROOT get-intrinsic@1.3.0 OK for: side-channel-map@1.0.1 want: ^1.2.5
341 silly fetch manifest call-bind-apply-helpers@^1.0.2
342 silly packumentCache full:https://registry.npmjs.org/call-bind-apply-helpers cache-miss
343 silly fetch manifest get-intrinsic@^1.3.0
344 silly packumentCache full:https://registry.npmjs.org/get-intrinsic cache-hit
345 silly fetch manifest call-bind-apply-helpers@^1.0.2
346 silly packumentCache full:https://registry.npmjs.org/call-bind-apply-helpers cache-miss
347 silly fetch manifest es-define-property@^1.0.1
348 silly packumentCache full:https://registry.npmjs.org/es-define-property cache-miss
349 silly fetch manifest es-object-atoms@^1.1.1
350 silly packumentCache full:https://registry.npmjs.org/es-object-atoms cache-miss
351 silly fetch manifest function-bind@^1.1.2
352 silly packumentCache full:https://registry.npmjs.org/function-bind cache-miss
353 silly fetch manifest get-proto@^1.0.1
354 silly packumentCache full:https://registry.npmjs.org/get-proto cache-miss
355 silly fetch manifest gopd@^1.2.0
356 silly packumentCache full:https://registry.npmjs.org/gopd cache-miss
357 http fetch GET 200 https://registry.npmjs.org/function-bind 158ms (cache revalidated)
358 silly packumentCache full:https://registry.npmjs.org/function-bind set size:15733 disposed:false
359 silly fetch manifest has-symbols@^1.1.0
360 silly packumentCache full:https://registry.npmjs.org/has-symbols cache-miss
361 http fetch GET 200 https://registry.npmjs.org/get-proto 164ms (cache revalidated)
362 silly packumentCache full:https://registry.npmjs.org/get-proto set size:8300 disposed:false
363 silly fetch manifest hasown@^2.0.2
364 silly packumentCache full:https://registry.npmjs.org/hasown cache-miss
365 http fetch GET 200 https://registry.npmjs.org/call-bind-apply-helpers 172ms (cache revalidated)
366 silly packumentCache full:https://registry.npmjs.org/call-bind-apply-helpers set size:12744 disposed:false
367 silly fetch manifest math-intrinsics@^1.1.0
368 silly packumentCache full:https://registry.npmjs.org/math-intrinsics cache-miss
369 http fetch GET 200 https://registry.npmjs.org/call-bind-apply-helpers 186ms (cache revalidated)
370 silly packumentCache full:https://registry.npmjs.org/call-bind-apply-helpers set size:12744 disposed:false
371 silly packumentCache full:https://registry.npmjs.org/call-bind-apply-helpers dispose
372 http fetch GET 200 https://registry.npmjs.org/es-define-property 188ms (cache revalidated)
373 silly packumentCache full:https://registry.npmjs.org/es-define-property set size:8542 disposed:false
374 http fetch GET 200 https://registry.npmjs.org/math-intrinsics 140ms (cache revalidated)
375 silly packumentCache full:https://registry.npmjs.org/math-intrinsics set size:9265 disposed:false
376 http fetch GET 200 https://registry.npmjs.org/hasown 166ms (cache revalidated)
377 silly packumentCache full:https://registry.npmjs.org/hasown set size:12476 disposed:false
378 http fetch GET 200 https://registry.npmjs.org/has-symbols 321ms (cache revalidated)
379 silly packumentCache full:https://registry.npmjs.org/has-symbols set size:21550 disposed:false
380 http fetch GET 200 https://registry.npmjs.org/gopd 484ms (cache revalidated)
381 silly packumentCache full:https://registry.npmjs.org/gopd set size:11458 disposed:false
382 http fetch GET 200 https://registry.npmjs.org/es-object-atoms 515ms (cache revalidated)
383 silly packumentCache full:https://registry.npmjs.org/es-object-atoms set size:15304 disposed:false
384 silly placeDep ROOT call-bind-apply-helpers@1.0.2 OK for: call-bound@1.0.4 want: ^1.0.2
385 silly placeDep ROOT function-bind@1.1.2 OK for: call-bind-apply-helpers@1.0.2 want: ^1.1.2
386 silly placeDep ROOT es-define-property@1.0.1 OK for: get-intrinsic@1.3.0 want: ^1.0.1
387 silly placeDep ROOT es-object-atoms@1.1.1 OK for: get-intrinsic@1.3.0 want: ^1.1.1
388 silly placeDep ROOT get-proto@1.0.1 OK for: get-intrinsic@1.3.0 want: ^1.0.1
389 silly placeDep ROOT gopd@1.2.0 OK for: get-intrinsic@1.3.0 want: ^1.2.0
390 silly placeDep ROOT has-symbols@1.1.0 OK for: get-intrinsic@1.3.0 want: ^1.1.0
391 silly placeDep ROOT hasown@2.0.2 OK for: get-intrinsic@1.3.0 want: ^2.0.2
392 silly placeDep ROOT math-intrinsics@1.1.0 OK for: get-intrinsic@1.3.0 want: ^1.1.0
393 silly fetch manifest dunder-proto@^1.0.1
394 silly packumentCache full:https://registry.npmjs.org/dunder-proto cache-miss
395 http fetch GET 200 https://registry.npmjs.org/dunder-proto 134ms (cache revalidated)
396 silly packumentCache full:https://registry.npmjs.org/dunder-proto set size:8256 disposed:false
397 silly placeDep ROOT dunder-proto@1.0.1 OK for: get-proto@1.0.1 want: ^1.0.1
398 silly placeDep node_modules/socket.io accepts@1.3.8 OK for: socket.io@4.8.1 want: ~1.3.4
399 silly placeDep ROOT base64id@2.0.0 OK for: socket.io@4.8.1 want: ~2.0.0
400 silly placeDep ROOT cors@2.8.5 OK for: socket.io@4.8.1 want: ~2.8.5
401 silly placeDep node_modules/socket.io debug@4.3.7 OK for: socket.io@4.8.1 want: ~4.3.2
402 silly placeDep ROOT engine.io@6.6.4 OK for: socket.io@4.8.1 want: ~6.6.0
403 silly placeDep ROOT socket.io-adapter@2.5.5 OK for: socket.io@4.8.1 want: ~2.5.2
404 silly placeDep ROOT socket.io-parser@4.2.4 OK for: socket.io@4.8.1 want: ~4.2.4
405 silly fetch manifest mime-types@~2.1.34
406 silly packumentCache full:https://registry.npmjs.org/mime-types cache-hit
407 silly fetch manifest negotiator@0.6.3
408 silly packumentCache full:https://registry.npmjs.org/negotiator cache-hit
409 silly fetch manifest object-assign@^4
410 silly packumentCache full:https://registry.npmjs.org/object-assign cache-miss
411 silly fetch manifest @types/cors@^2.8.12
412 silly packumentCache full:https://registry.npmjs.org/@types%2fcors cache-miss
413 silly fetch manifest @types/node@>=10.0.0
414 silly packumentCache full:https://registry.npmjs.org/@types%2fnode cache-miss
415 silly fetch manifest debug@~4.3.1
416 silly packumentCache full:https://registry.npmjs.org/debug cache-hit
417 silly fetch manifest engine.io-parser@~5.2.1
418 silly packumentCache full:https://registry.npmjs.org/engine.io-parser cache-miss
419 silly fetch manifest ws@~8.17.1
420 silly packumentCache full:https://registry.npmjs.org/ws cache-miss
421 silly fetch manifest debug@~4.3.4
422 silly packumentCache full:https://registry.npmjs.org/debug cache-hit
423 silly fetch manifest ws@~8.17.1
424 silly packumentCache full:https://registry.npmjs.org/ws cache-miss
425 silly fetch manifest @socket.io/component-emitter@~3.1.0
426 silly packumentCache full:https://registry.npmjs.org/@socket.io%2fcomponent-emitter cache-miss
427 http fetch GET 200 https://registry.npmjs.org/object-assign 147ms (cache revalidated)
428 silly packumentCache full:https://registry.npmjs.org/object-assign set size:28988 disposed:false
429 http fetch GET 200 https://registry.npmjs.org/ws 150ms (cache revalidated)
430 silly packumentCache full:https://registry.npmjs.org/ws set size:410885 disposed:false
431 http fetch GET 200 https://registry.npmjs.org/ws 164ms (cache revalidated)
432 silly packumentCache full:https://registry.npmjs.org/ws set size:410885 disposed:false
433 silly packumentCache full:https://registry.npmjs.org/ws dispose
434 http fetch GET 200 https://registry.npmjs.org/@types%2fcors 231ms (cache revalidated)
435 silly packumentCache full:https://registry.npmjs.org/@types%2fcors set size:56991 disposed:false
436 http fetch GET 200 https://registry.npmjs.org/@types%2fnode 273ms (cache revalidated)
437 silly packumentCache full:https://registry.npmjs.org/@types%2fnode set size:10576254 disposed:false
438 http fetch GET 200 https://registry.npmjs.org/engine.io-parser 532ms (cache revalidated)
439 silly packumentCache full:https://registry.npmjs.org/engine.io-parser set size:116455 disposed:false
440 http fetch GET 200 https://registry.npmjs.org/@socket.io%2fcomponent-emitter 1172ms (cache revalidated)
441 silly packumentCache full:https://registry.npmjs.org/@socket.io%2fcomponent-emitter set size:14099 disposed:false
442 silly placeDep ROOT object-assign@4.1.1 OK for: cors@2.8.5 want: ^4
443 silly fetch manifest bufferutil@^4.0.1
444 silly packumentCache full:https://registry.npmjs.org/bufferutil cache-miss
445 http fetch GET 200 https://registry.npmjs.org/bufferutil 247ms (cache revalidated)
446 silly packumentCache full:https://registry.npmjs.org/bufferutil set size:51033 disposed:false
447 silly fetch manifest utf-8-validate@>=5.0.2
448 silly packumentCache full:https://registry.npmjs.org/utf-8-validate cache-miss
449 http fetch GET 200 https://registry.npmjs.org/utf-8-validate 122ms (cache revalidated)
450 silly packumentCache full:https://registry.npmjs.org/utf-8-validate set size:75205 disposed:false
451 silly placeDep ROOT @types/cors@2.8.19 OK for: engine.io@6.6.4 want: ^2.8.12
452 silly placeDep ROOT @types/node@24.5.2 OK for: engine.io@6.6.4 want: >=10.0.0
453 silly placeDep node_modules/engine.io accepts@1.3.8 OK for: engine.io@6.6.4 want: ~1.3.4
454 silly placeDep node_modules/engine.io debug@4.3.7 OK for: engine.io@6.6.4 want: ~4.3.1
455 silly placeDep ROOT engine.io-parser@5.2.3 OK for: engine.io@6.6.4 want: ~5.2.1
456 silly placeDep ROOT ws@8.17.1 OK for: engine.io@6.6.4 want: ~8.17.1
457 silly fetch manifest @types/node@*
458 silly packumentCache full:https://registry.npmjs.org/@types%2fnode cache-miss
459 silly fetch manifest undici-types@~7.12.0
460 silly packumentCache full:https://registry.npmjs.org/undici-types cache-miss
461 http cache https://registry.npmjs.org/@types%2fnode 58ms (cache hit)
462 silly packumentCache full:https://registry.npmjs.org/@types%2fnode set size:10576254 disposed:false
463 http fetch GET 200 https://registry.npmjs.org/undici-types 352ms (cache revalidated)
464 silly packumentCache full:https://registry.npmjs.org/undici-types set size:148959 disposed:false
465 silly placeDep ROOT undici-types@7.12.0 OK for: @types/node@24.5.2 want: ~7.12.0
466 silly placeDep node_modules/socket.io-adapter debug@4.3.7 OK for: socket.io-adapter@2.5.5 want: ~4.3.4
467 silly placeDep ROOT @socket.io/component-emitter@3.1.2 OK for: socket.io-parser@4.2.4 want: ~3.1.0
468 silly placeDep node_modules/socket.io-parser debug@4.3.7 OK for: socket.io-parser@4.2.4 want: ~4.3.1
469 silly placeDep ROOT media-typer@1.1.0 OK for: type-is@2.0.1 want: ^1.1.0
470 silly placeDep node_modules/engine.io mime-types@2.1.35 OK for: accepts@1.3.8 want: ~2.1.34
471 silly placeDep node_modules/engine.io negotiator@0.6.3 OK for: accepts@1.3.8 want: 0.6.3
472 silly fetch manifest mime-db@1.52.0
473 silly packumentCache full:https://registry.npmjs.org/mime-db cache-hit
474 silly placeDep node_modules/engine.io mime-db@1.52.0 OK for: mime-types@2.1.35 want: 1.52.0
475 silly placeDep node_modules/socket.io mime-types@2.1.35 OK for: accepts@1.3.8 want: ~2.1.34
476 silly placeDep node_modules/socket.io negotiator@0.6.3 OK for: accepts@1.3.8 want: 0.6.3
477 silly placeDep node_modules/socket.io mime-db@1.52.0 OK for: mime-types@2.1.35 want: 1.52.0
478 silly reify moves {}
479 silly audit bulk request {
479 silly audit   express: [ '5.1.0' ],
479 silly audit   'socket.io': [ '4.8.1' ],
479 silly audit   accepts: [ '2.0.0', '1.3.8' ],
479 silly audit   'body-parser': [ '2.2.0' ],
479 silly audit   'content-disposition': [ '1.0.0' ],
479 silly audit   'content-type': [ '1.0.5' ],
479 silly audit   cookie: [ '0.7.2' ],
479 silly audit   'cookie-signature': [ '1.2.2' ],
479 silly audit   debug: [ '4.4.3', '4.3.7' ],
479 silly audit   encodeurl: [ '2.0.0' ],
479 silly audit   'escape-html': [ '1.0.3' ],
479 silly audit   etag: [ '1.8.1' ],
479 silly audit   finalhandler: [ '2.1.0' ],
479 silly audit   fresh: [ '2.0.0' ],
479 silly audit   'http-errors': [ '2.0.0' ],
479 silly audit   'merge-descriptors': [ '2.0.0' ],
479 silly audit   'mime-types': [ '3.0.1', '2.1.35' ],
479 silly audit   'on-finished': [ '2.4.1' ],
479 silly audit   once: [ '1.4.0' ],
479 silly audit   parseurl: [ '1.3.3' ],
479 silly audit   'proxy-addr': [ '2.0.7' ],
479 silly audit   qs: [ '6.14.0' ],
479 silly audit   'range-parser': [ '1.2.1' ],
479 silly audit   router: [ '2.2.0' ],
479 silly audit   send: [ '1.2.0' ],
479 silly audit   'serve-static': [ '2.2.0' ],
479 silly audit   statuses: [ '2.0.2', '2.0.1' ],
479 silly audit   'type-is': [ '2.0.1' ],
479 silly audit   vary: [ '1.1.2' ],
479 silly audit   negotiator: [ '1.0.0', '0.6.3' ],
479 silly audit   bytes: [ '3.1.2' ],
479 silly audit   'iconv-lite': [ '0.6.3', '0.7.0' ],
479 silly audit   'raw-body': [ '3.0.1' ],
479 silly audit   'safe-buffer': [ '5.2.1' ],
479 silly audit   ms: [ '2.1.3' ],
479 silly audit   depd: [ '2.0.0' ],
479 silly audit   inherits: [ '2.0.4' ],
479 silly audit   setprototypeof: [ '1.2.0' ],
479 silly audit   toidentifier: [ '1.0.1' ],
479 silly audit   'safer-buffer': [ '2.1.2' ],
479 silly audit   'mime-db': [ '1.54.0', '1.52.0' ],
479 silly audit   'ee-first': [ '1.1.1' ],
479 silly audit   wrappy: [ '1.0.2' ],
479 silly audit   forwarded: [ '0.2.0' ],
479 silly audit   'ipaddr.js': [ '1.9.1' ],
479 silly audit   'side-channel': [ '1.1.0' ],
479 silly audit   unpipe: [ '1.0.0' ],
479 silly audit   'is-promise': [ '4.0.0' ],
479 silly audit   'path-to-regexp': [ '8.3.0' ],
479 silly audit   'es-errors': [ '1.3.0' ],
479 silly audit   'object-inspect': [ '1.13.4' ],
479 silly audit   'side-channel-list': [ '1.0.0' ],
479 silly audit   'side-channel-map': [ '1.0.1' ],
479 silly audit   'side-channel-weakmap': [ '1.0.2' ],
479 silly audit   'call-bound': [ '1.0.4' ],
479 silly audit   'get-intrinsic': [ '1.3.0' ],
479 silly audit   'call-bind-apply-helpers': [ '1.0.2' ],
479 silly audit   'function-bind': [ '1.1.2' ],
479 silly audit   'es-define-property': [ '1.0.1' ],
479 silly audit   'es-object-atoms': [ '1.1.1' ],
479 silly audit   'get-proto': [ '1.0.1' ],
479 silly audit   gopd: [ '1.2.0' ],
479 silly audit   'has-symbols': [ '1.1.0' ],
479 silly audit   hasown: [ '2.0.2' ],
479 silly audit   'math-intrinsics': [ '1.1.0' ],
479 silly audit   'dunder-proto': [ '1.0.1' ],
479 silly audit   base64id: [ '2.0.0' ],
479 silly audit   cors: [ '2.8.5' ],
479 silly audit   'engine.io': [ '6.6.4' ],
479 silly audit   'socket.io-adapter': [ '2.5.5' ],
479 silly audit   'socket.io-parser': [ '4.2.4' ],
479 silly audit   'object-assign': [ '4.1.1' ],
479 silly audit   '@types/cors': [ '2.8.19' ],
479 silly audit   '@types/node': [ '24.5.2' ],
479 silly audit   'engine.io-parser': [ '5.2.3' ],
479 silly audit   ws: [ '8.17.1' ],
479 silly audit   'undici-types': [ '7.12.0' ],
479 silly audit   '@socket.io/component-emitter': [ '3.1.2' ],
479 silly audit   'media-typer': [ '1.1.0' ]
479 silly audit }
480 http cache media-typer@https://registry.npmjs.org/media-typer/-/media-typer-1.1.0.tgz 0ms (cache hit)
481 http cache @socket.io/component-emitter@https://registry.npmjs.org/@socket.io/component-emitter/-/component-emitter-3.1.2.tgz 0ms (cache hit)
482 http cache ws@https://registry.npmjs.org/ws/-/ws-8.17.1.tgz 0ms (cache hit)
483 http cache undici-types@https://registry.npmjs.org/undici-types/-/undici-types-7.12.0.tgz 0ms (cache hit)
484 http cache engine.io-parser@https://registry.npmjs.org/engine.io-parser/-/engine.io-parser-5.2.3.tgz 0ms (cache hit)
485 http cache @types/node@https://registry.npmjs.org/@types/node/-/node-24.5.2.tgz 0ms (cache hit)
486 http cache @types/cors@https://registry.npmjs.org/@types/cors/-/cors-2.8.19.tgz 0ms (cache hit)
487 http cache socket.io-parser@https://registry.npmjs.org/socket.io-parser/-/socket.io-parser-4.2.4.tgz 0ms (cache hit)
488 http cache object-assign@https://registry.npmjs.org/object-assign/-/object-assign-4.1.1.tgz 0ms (cache hit)
489 http cache socket.io-adapter@https://registry.npmjs.org/socket.io-adapter/-/socket.io-adapter-2.5.5.tgz 0ms (cache hit)
490 http cache engine.io@https://registry.npmjs.org/engine.io/-/engine.io-6.6.4.tgz 0ms (cache hit)
491 http cache cors@https://registry.npmjs.org/cors/-/cors-2.8.5.tgz 0ms (cache hit)
492 http cache dunder-proto@https://registry.npmjs.org/dunder-proto/-/dunder-proto-1.0.1.tgz 0ms (cache hit)
493 http cache base64id@https://registry.npmjs.org/base64id/-/base64id-2.0.0.tgz 0ms (cache hit)
494 http cache math-intrinsics@https://registry.npmjs.org/math-intrinsics/-/math-intrinsics-1.1.0.tgz 0ms (cache hit)
495 http cache hasown@https://registry.npmjs.org/hasown/-/hasown-2.0.2.tgz 0ms (cache hit)
496 http cache get-proto@https://registry.npmjs.org/get-proto/-/get-proto-1.0.1.tgz 0ms (cache hit)
497 http cache es-object-atoms@https://registry.npmjs.org/es-object-atoms/-/es-object-atoms-1.1.1.tgz 0ms (cache hit)
498 http cache has-symbols@https://registry.npmjs.org/has-symbols/-/has-symbols-1.1.0.tgz 0ms (cache hit)
499 http cache es-define-property@https://registry.npmjs.org/es-define-property/-/es-define-property-1.0.1.tgz 0ms (cache hit)
500 http cache function-bind@https://registry.npmjs.org/function-bind/-/function-bind-1.1.2.tgz 0ms (cache hit)
501 http cache call-bind-apply-helpers@https://registry.npmjs.org/call-bind-apply-helpers/-/call-bind-apply-helpers-1.0.2.tgz 0ms (cache hit)
502 http cache call-bound@https://registry.npmjs.org/call-bound/-/call-bound-1.0.4.tgz 0ms (cache hit)
503 http cache get-intrinsic@https://registry.npmjs.org/get-intrinsic/-/get-intrinsic-1.3.0.tgz 0ms (cache hit)
504 http cache side-channel-weakmap@https://registry.npmjs.org/side-channel-weakmap/-/side-channel-weakmap-1.0.2.tgz 0ms (cache hit)
505 http cache side-channel-map@https://registry.npmjs.org/side-channel-map/-/side-channel-map-1.0.1.tgz 0ms (cache hit)
506 http cache side-channel-list@https://registry.npmjs.org/side-channel-list/-/side-channel-list-1.0.0.tgz 0ms (cache hit)
507 http cache object-inspect@https://registry.npmjs.org/object-inspect/-/object-inspect-1.13.4.tgz 0ms (cache hit)
508 http cache es-errors@https://registry.npmjs.org/es-errors/-/es-errors-1.3.0.tgz 0ms (cache hit)
509 http cache path-to-regexp@https://registry.npmjs.org/path-to-regexp/-/path-to-regexp-8.3.0.tgz 0ms (cache hit)
510 http cache is-promise@https://registry.npmjs.org/is-promise/-/is-promise-4.0.0.tgz 0ms (cache hit)
511 http cache unpipe@https://registry.npmjs.org/unpipe/-/unpipe-1.0.0.tgz 0ms (cache hit)
512 http cache ipaddr.js@https://registry.npmjs.org/ipaddr.js/-/ipaddr.js-1.9.1.tgz 0ms (cache hit)
513 http cache side-channel@https://registry.npmjs.org/side-channel/-/side-channel-1.1.0.tgz 0ms (cache hit)
514 http cache forwarded@https://registry.npmjs.org/forwarded/-/forwarded-0.2.0.tgz 0ms (cache hit)
515 http cache wrappy@https://registry.npmjs.org/wrappy/-/wrappy-1.0.2.tgz 0ms (cache hit)
516 http cache safer-buffer@https://registry.npmjs.org/safer-buffer/-/safer-buffer-2.1.2.tgz 0ms (cache hit)
517 http cache ee-first@https://registry.npmjs.org/ee-first/-/ee-first-1.1.1.tgz 0ms (cache hit)
518 http cache mime-db@https://registry.npmjs.org/mime-db/-/mime-db-1.54.0.tgz 0ms (cache hit)
519 http cache toidentifier@https://registry.npmjs.org/toidentifier/-/toidentifier-1.0.1.tgz 0ms (cache hit)
520 http cache setprototypeof@https://registry.npmjs.org/setprototypeof/-/setprototypeof-1.2.0.tgz 0ms (cache hit)
521 http cache inherits@https://registry.npmjs.org/inherits/-/inherits-2.0.4.tgz 0ms (cache hit)
522 http cache depd@https://registry.npmjs.org/depd/-/depd-2.0.0.tgz 0ms (cache hit)
523 http cache ms@https://registry.npmjs.org/ms/-/ms-2.1.3.tgz 0ms (cache hit)
524 http cache safe-buffer@https://registry.npmjs.org/safe-buffer/-/safe-buffer-5.2.1.tgz 0ms (cache hit)
525 http cache raw-body@https://registry.npmjs.org/raw-body/-/raw-body-3.0.1.tgz 0ms (cache hit)
526 http cache iconv-lite@https://registry.npmjs.org/iconv-lite/-/iconv-lite-0.6.3.tgz 0ms (cache hit)
527 http cache bytes@https://registry.npmjs.org/bytes/-/bytes-3.1.2.tgz 0ms (cache hit)
528 http cache negotiator@https://registry.npmjs.org/negotiator/-/negotiator-1.0.0.tgz 0ms (cache hit)
529 http cache vary@https://registry.npmjs.org/vary/-/vary-1.1.2.tgz 0ms (cache hit)
530 http cache type-is@https://registry.npmjs.org/type-is/-/type-is-2.0.1.tgz 0ms (cache hit)
531 http cache statuses@https://registry.npmjs.org/statuses/-/statuses-2.0.2.tgz 0ms (cache hit)
532 http cache serve-static@https://registry.npmjs.org/serve-static/-/serve-static-2.2.0.tgz 0ms (cache hit)
533 http cache send@https://registry.npmjs.org/send/-/send-1.2.0.tgz 0ms (cache hit)
534 http cache router@https://registry.npmjs.org/router/-/router-2.2.0.tgz 1ms (cache hit)
535 http cache qs@https://registry.npmjs.org/qs/-/qs-6.14.0.tgz 0ms (cache hit)
536 http cache range-parser@https://registry.npmjs.org/range-parser/-/range-parser-1.2.1.tgz 0ms (cache hit)
537 http cache proxy-addr@https://registry.npmjs.org/proxy-addr/-/proxy-addr-2.0.7.tgz 0ms (cache hit)
538 http cache parseurl@https://registry.npmjs.org/parseurl/-/parseurl-1.3.3.tgz 0ms (cache hit)
539 http cache once@https://registry.npmjs.org/once/-/once-1.4.0.tgz 0ms (cache hit)
540 http cache on-finished@https://registry.npmjs.org/on-finished/-/on-finished-2.4.1.tgz 0ms (cache hit)
541 http cache mime-types@https://registry.npmjs.org/mime-types/-/mime-types-3.0.1.tgz 0ms (cache hit)
542 http cache merge-descriptors@https://registry.npmjs.org/merge-descriptors/-/merge-descriptors-2.0.0.tgz 0ms (cache hit)
543 http cache http-errors@https://registry.npmjs.org/http-errors/-/http-errors-2.0.0.tgz 0ms (cache hit)
544 http cache fresh@https://registry.npmjs.org/fresh/-/fresh-2.0.0.tgz 0ms (cache hit)
545 http cache finalhandler@https://registry.npmjs.org/finalhandler/-/finalhandler-2.1.0.tgz 0ms (cache hit)
546 http cache etag@https://registry.npmjs.org/etag/-/etag-1.8.1.tgz 0ms (cache hit)
547 http cache escape-html@https://registry.npmjs.org/escape-html/-/escape-html-1.0.3.tgz 0ms (cache hit)
548 http cache encodeurl@https://registry.npmjs.org/encodeurl/-/encodeurl-2.0.0.tgz 0ms (cache hit)
549 http cache debug@https://registry.npmjs.org/debug/-/debug-4.4.3.tgz 0ms (cache hit)
550 http cache cookie-signature@https://registry.npmjs.org/cookie-signature/-/cookie-signature-1.2.2.tgz 0ms (cache hit)
551 http cache cookie@https://registry.npmjs.org/cookie/-/cookie-0.7.2.tgz 0ms (cache hit)
552 http cache content-disposition@https://registry.npmjs.org/content-disposition/-/content-disposition-1.0.0.tgz 0ms (cache hit)
553 http cache content-type@https://registry.npmjs.org/content-type/-/content-type-1.0.5.tgz 0ms (cache hit)
554 http cache accepts@https://registry.npmjs.org/accepts/-/accepts-2.0.0.tgz 0ms (cache hit)
555 http cache socket.io@https://registry.npmjs.org/socket.io/-/socket.io-4.8.1.tgz 0ms (cache hit)
556 http cache body-parser@https://registry.npmjs.org/body-parser/-/body-parser-2.2.0.tgz 0ms (cache hit)
557 http cache express@https://registry.npmjs.org/express/-/express-5.1.0.tgz 0ms (cache hit)
558 http cache debug@https://registry.npmjs.org/debug/-/debug-4.3.7.tgz 0ms (cache hit)
559 http cache mime-db@https://registry.npmjs.org/mime-db/-/mime-db-1.52.0.tgz 0ms (cache hit)
560 http cache debug@https://registry.npmjs.org/debug/-/debug-4.3.7.tgz 0ms (cache hit)
561 http cache negotiator@https://registry.npmjs.org/negotiator/-/negotiator-0.6.3.tgz 1ms (cache hit)
562 http cache debug@https://registry.npmjs.org/debug/-/debug-4.3.7.tgz 0ms (cache hit)
563 http cache mime-types@https://registry.npmjs.org/mime-types/-/mime-types-2.1.35.tgz 0ms (cache hit)
564 http cache accepts@https://registry.npmjs.org/accepts/-/accepts-1.3.8.tgz 0ms (cache hit)
565 http cache iconv-lite@https://registry.npmjs.org/iconv-lite/-/iconv-lite-0.7.0.tgz 0ms (cache hit)
566 http cache statuses@https://registry.npmjs.org/statuses/-/statuses-2.0.1.tgz 0ms (cache hit)
567 http cache mime-db@https://registry.npmjs.org/mime-db/-/mime-db-1.52.0.tgz 0ms (cache hit)
568 http cache negotiator@https://registry.npmjs.org/negotiator/-/negotiator-0.6.3.tgz 0ms (cache hit)
569 http cache mime-types@https://registry.npmjs.org/mime-types/-/mime-types-2.1.35.tgz 0ms (cache hit)
570 http cache debug@https://registry.npmjs.org/debug/-/debug-4.3.7.tgz 0ms (cache hit)
571 http cache accepts@https://registry.npmjs.org/accepts/-/accepts-1.3.8.tgz 0ms (cache hit)
572 http cache gopd@https://registry.npmjs.org/gopd/-/gopd-1.2.0.tgz 0ms (cache hit)
573 http fetch POST 200 https://registry.npmjs.org/-/npm/v1/security/advisories/bulk 616ms
574 silly audit report {}
575 silly ADD node_modules/media-typer
576 silly ADD node_modules/@socket.io/component-emitter
577 silly ADD node_modules/undici-types
578 silly ADD node_modules/ws
579 silly ADD node_modules/engine.io-parser
580 silly ADD node_modules/@types/node
581 silly ADD node_modules/@types/cors
582 silly ADD node_modules/object-assign
583 silly ADD node_modules/socket.io-parser
584 silly ADD node_modules/socket.io-parser/node_modules/debug
585 silly ADD node_modules/socket.io-adapter
586 silly ADD node_modules/socket.io-adapter/node_modules/debug
587 silly ADD node_modules/engine.io
588 silly ADD node_modules/engine.io/node_modules/mime-db
589 silly ADD node_modules/engine.io/node_modules/negotiator
590 silly ADD node_modules/engine.io/node_modules/mime-types
591 silly ADD node_modules/engine.io/node_modules/debug
592 silly ADD node_modules/engine.io/node_modules/accepts
593 silly ADD node_modules/cors
594 silly ADD node_modules/base64id
595 silly ADD node_modules/dunder-proto
596 silly ADD node_modules/math-intrinsics
597 silly ADD node_modules/hasown
598 silly ADD node_modules/has-symbols
599 silly ADD node_modules/gopd
600 silly ADD node_modules/get-proto
601 silly ADD node_modules/es-object-atoms
602 silly ADD node_modules/es-define-property
603 silly ADD node_modules/function-bind
604 silly ADD node_modules/call-bind-apply-helpers
605 silly ADD node_modules/get-intrinsic
606 silly ADD node_modules/call-bound
607 silly ADD node_modules/side-channel-weakmap
608 silly ADD node_modules/side-channel-map
609 silly ADD node_modules/side-channel-list
610 silly ADD node_modules/object-inspect
611 silly ADD node_modules/es-errors
612 silly ADD node_modules/path-to-regexp
613 silly ADD node_modules/is-promise
614 silly ADD node_modules/unpipe
615 silly ADD node_modules/side-channel
616 silly ADD node_modules/ipaddr.js
617 silly ADD node_modules/forwarded
618 silly ADD node_modules/wrappy
619 silly ADD node_modules/ee-first
620 silly ADD node_modules/mime-db
621 silly ADD node_modules/safer-buffer
622 silly ADD node_modules/toidentifier
623 silly ADD node_modules/setprototypeof
624 silly ADD node_modules/inherits
625 silly ADD node_modules/depd
626 silly ADD node_modules/ms
627 silly ADD node_modules/safe-buffer
628 silly ADD node_modules/raw-body
629 silly ADD node_modules/raw-body/node_modules/iconv-lite
630 silly ADD node_modules/iconv-lite
631 silly ADD node_modules/bytes
632 silly ADD node_modules/negotiator
633 silly ADD node_modules/vary
634 silly ADD node_modules/type-is
635 silly ADD node_modules/statuses
636 silly ADD node_modules/serve-static
637 silly ADD node_modules/send
638 silly ADD node_modules/router
639 silly ADD node_modules/range-parser
640 silly ADD node_modules/qs
641 silly ADD node_modules/proxy-addr
642 silly ADD node_modules/parseurl
643 silly ADD node_modules/once
644 silly ADD node_modules/on-finished
645 silly ADD node_modules/mime-types
646 silly ADD node_modules/merge-descriptors
647 silly ADD node_modules/http-errors
648 silly ADD node_modules/http-errors/node_modules/statuses
649 silly ADD node_modules/fresh
650 silly ADD node_modules/finalhandler
651 silly ADD node_modules/etag
652 silly ADD node_modules/escape-html
653 silly ADD node_modules/encodeurl
654 silly ADD node_modules/debug
655 silly ADD node_modules/cookie-signature
656 silly ADD node_modules/cookie
657 silly ADD node_modules/content-type
658 silly ADD node_modules/content-disposition
659 silly ADD node_modules/body-parser
660 silly ADD node_modules/accepts
661 silly ADD node_modules/socket.io
662 silly ADD node_modules/socket.io/node_modules/mime-db
663 silly ADD node_modules/socket.io/node_modules/negotiator
664 silly ADD node_modules/socket.io/node_modules/mime-types
665 silly ADD node_modules/socket.io/node_modules/debug
666 silly ADD node_modules/socket.io/node_modules/accepts
667 silly ADD node_modules/express
668 verbose cwd /data/data/com.termux/files/home
669 verbose os Linux 5.10.226-android12-9-31117096
670 verbose node v24.7.0
671 verbose npm  v11.5.1
672 verbose exit 0
673 info ok
